2025-10-30 20:24:18,459 [WARNING] Fallo en https://www.bps.gub.uy/bps/observatorio/indicadores-de-la-seguridad-social.html: 404 Client Error: Not Found for url: https://www.bps.gub.uy/bps/observatorio/indicadores-de-la-seguridad-social.html
2025-10-30 20:24:18,460 [INFO] Sleeping 2.0s
2025-10-30 20:24:20,461 [INFO] Escribí 0 filas en dataset/indicadores_index.csv
2025-10-30 20:26:25,927 [INFO] GET https://www.bps.gub.uy/1944/indicadores-de-la-seguridad-social.html -> 200
2025-10-30 20:26:26,038 [INFO] Bloques candidatos detectados: 209
2025-10-30 20:26:26,056 [INFO] Sleeping 2.0s
2025-10-30 20:26:28,098 [INFO] GET https://www.bps.gub.uy/bps/estadisticas/cuadro.jsp?cuadro=2 -> 200
2025-10-30 20:26:28,153 [INFO] Bloques candidatos detectados: 0
2025-10-30 20:26:28,154 [INFO] Sleeping 2.0s
2025-10-30 20:26:30,479 [INFO] GET https://www.bps.gub.uy/bps/observatorio/cuadro.jsp?contentid=12780 -> 200
2025-10-30 20:26:30,703 [INFO] Bloques candidatos detectados: 0
2025-10-30 20:26:30,704 [INFO] Sleeping 2.0s
2025-10-30 20:26:32,706 [INFO] Escribí 8 filas en dataset/indicadores_index.csv
2025-10-31 07:22:38,314 [INFO] GET https://www.bps.gub.uy/1944/indicadores-de-la-seguridad-social.html -> 200
2025-10-31 07:22:38,446 [INFO] Bloques candidatos detectados: 320 (fase A)
2025-10-31 07:22:38,551 [INFO] Sleeping 2.0s
2025-10-31 07:22:40,683 [INFO] GET https://www.bps.gub.uy/bps/estadisticas/cuadro.jsp?cuadro=2 -> 200
2025-10-31 07:22:40,744 [INFO] Bloques candidatos detectados: 120 (fase A)
2025-10-31 07:22:40,785 [INFO] Enlaces directos a ficheros en cuadro.jsp: 1 (fase B)
2025-10-31 07:22:40,786 [INFO] Sleeping 2.0s
2025-10-31 07:22:43,504 [INFO] GET https://www.bps.gub.uy/bps/observatorio/cuadro.jsp?contentid=12780 -> 200
2025-10-31 07:22:43,712 [INFO] Bloques candidatos detectados: 1641 (fase A)
2025-10-31 07:22:43,872 [INFO] Enlaces directos a ficheros en cuadro.jsp: 272 (fase B)
2025-10-31 07:22:43,888 [INFO] Sleeping 2.0s
2025-10-31 07:22:45,912 [INFO] Escribí 273 filas en dataset/indicadores_index.csv
2025-10-31 09:39:09,515 [INFO] GET https://www.bps.gub.uy/1944/indicadores-de-la-seguridad-social.html -> 200
2025-10-31 09:39:09,613 [INFO] Bloques candidatos detectados: 320 (fase A)
2025-10-31 09:39:09,672 [INFO] Sleeping 2.0s
2025-10-31 09:39:11,747 [INFO] GET https://www.bps.gub.uy/bps/estadisticas/cuadro.jsp?cuadro=2 -> 200
2025-10-31 09:39:11,757 [INFO] Bloques candidatos detectados: 120 (fase A)
2025-10-31 09:39:11,766 [INFO] Enlaces directos a ficheros en cuadro.jsp: 1 (fase B)
2025-10-31 09:39:11,766 [INFO] Sleeping 2.0s
2025-10-31 09:39:14,361 [INFO] GET https://www.bps.gub.uy/bps/observatorio/cuadro.jsp?contentid=12780 -> 200
2025-10-31 09:39:14,666 [INFO] Bloques candidatos detectados: 1641 (fase A)
2025-10-31 09:39:14,880 [INFO] Enlaces directos a ficheros en cuadro.jsp: 272 (fase B)
2025-10-31 09:39:14,896 [INFO] Sleeping 2.0s
2025-10-31 09:39:16,911 [INFO] Escribí 273 filas en dataset/indicadores_index.csv
2025-10-31 11:20:51,282 [INFO] GET https://www.bps.gub.uy/1944/indicadores-de-la-seguridad-social.html -> 200
2025-10-31 11:20:51,459 [INFO] Bloques candidatos detectados: 320 (fase A)
2025-10-31 11:20:51,531 [INFO] Sleeping 2.0s
2025-10-31 11:20:53,602 [INFO] GET https://www.bps.gub.uy/bps/estadisticas/cuadro.jsp?cuadro=2 -> 200
2025-10-31 11:20:53,664 [INFO] Bloques candidatos detectados: 120 (fase A)
2025-10-31 11:20:53,689 [INFO] Enlaces directos a ficheros en cuadro.jsp: 1 (fase B)
2025-10-31 11:20:53,690 [INFO] Sleeping 2.0s
2025-10-31 11:20:56,399 [INFO] GET https://www.bps.gub.uy/bps/observatorio/cuadro.jsp?contentid=12780 -> 200
2025-10-31 11:20:56,668 [INFO] Bloques candidatos detectados: 1641 (fase A)
2025-10-31 11:20:56,887 [INFO] Enlaces directos a ficheros en cuadro.jsp: 272 (fase B)
2025-10-31 11:20:56,919 [INFO] Sleeping 2.0s
2025-10-31 11:20:58,933 [INFO] Escribí 273 filas en dataset/indicadores_index.csv
2025-10-31 14:55:00,059 [INFO] GET https://www.bps.gub.uy/1944/indicadores-de-la-seguridad-social.html -> 200
2025-10-31 14:55:00,169 [INFO] Bloques candidatos detectados: 320 (fase A)
2025-10-31 14:55:00,243 [WARNING] Fallo en https://www.bps.gub.uy/1944/indicadores-de-la-seguridad-social.html: name 'capitulo' is not defined
2025-10-31 14:55:00,243 [INFO] Sleeping 2.0s
2025-10-31 14:55:02,318 [INFO] GET https://www.bps.gub.uy/bps/estadisticas/cuadro.jsp?cuadro=2 -> 200
2025-10-31 14:55:02,360 [INFO] Bloques candidatos detectados: 120 (fase A)
2025-10-31 14:55:02,360 [WARNING] Fallo en https://www.bps.gub.uy/bps/estadisticas/cuadro.jsp?cuadro=2: name 'capitulo' is not defined
2025-10-31 14:55:02,361 [INFO] Sleeping 2.0s
2025-10-31 14:55:04,987 [INFO] GET https://www.bps.gub.uy/bps/observatorio/cuadro.jsp?contentid=12780 -> 200
2025-10-31 14:55:05,281 [INFO] Bloques candidatos detectados: 1641 (fase A)
2025-10-31 14:55:05,323 [WARNING] Fallo en https://www.bps.gub.uy/bps/observatorio/cuadro.jsp?contentid=12780: name 'capitulo' is not defined
2025-10-31 14:55:05,324 [INFO] Sleeping 2.0s
2025-10-31 14:55:07,327 [INFO] Escribí 0 filas en dataset/indicadores_index.csv
2025-10-31 14:55:42,606 [INFO] GET https://www.bps.gub.uy/1944/indicadores-de-la-seguridad-social.html -> 200
2025-10-31 14:55:42,701 [INFO] Bloques candidatos detectados: 320 (fase A)
2025-10-31 14:55:42,756 [WARNING] Fallo en https://www.bps.gub.uy/1944/indicadores-de-la-seguridad-social.html: name 'capitulo' is not defined
2025-10-31 14:55:42,757 [INFO] Sleeping 2.0s
2025-10-31 14:55:44,859 [INFO] GET https://www.bps.gub.uy/bps/estadisticas/cuadro.jsp?cuadro=2 -> 200
2025-10-31 14:55:44,978 [INFO] Bloques candidatos detectados: 120 (fase A)
2025-10-31 14:55:44,982 [WARNING] Fallo en https://www.bps.gub.uy/bps/estadisticas/cuadro.jsp?cuadro=2: name 'capitulo' is not defined
2025-10-31 14:55:44,982 [INFO] Sleeping 2.0s
2025-10-31 14:55:47,700 [INFO] GET https://www.bps.gub.uy/bps/observatorio/cuadro.jsp?contentid=12780 -> 200
2025-10-31 14:55:48,042 [INFO] Bloques candidatos detectados: 1641 (fase A)
2025-10-31 14:55:48,093 [WARNING] Fallo en https://www.bps.gub.uy/bps/observatorio/cuadro.jsp?contentid=12780: name 'capitulo' is not defined
2025-10-31 14:55:48,093 [INFO] Sleeping 2.0s
2025-10-31 14:55:50,097 [INFO] Escribí 0 filas en dataset/indicadores_index.csv
2025-10-31 15:01:49,519 [INFO] GET https://www.bps.gub.uy/1944/indicadores-de-la-seguridad-social.html -> 200
2025-10-31 15:01:49,645 [INFO] Bloques candidatos detectados: 320 (fase A)
2025-10-31 15:01:49,706 [WARNING] Fallo en https://www.bps.gub.uy/1944/indicadores-de-la-seguridad-social.html: name 'capitulo' is not defined
2025-10-31 15:01:49,707 [INFO] Sleeping 2.0s
2025-10-31 15:01:52,391 [INFO] GET https://www.bps.gub.uy/bps/observatorio/cuadro.jsp?contentid=12780 -> 200
2025-10-31 15:01:52,676 [INFO] Bloques candidatos detectados: 1641 (fase A)
2025-10-31 15:01:52,713 [WARNING] Fallo en https://www.bps.gub.uy/bps/observatorio/cuadro.jsp?contentid=12780: name 'capitulo' is not defined
2025-10-31 15:01:52,713 [INFO] Sleeping 2.0s
2025-10-31 15:01:54,717 [INFO] Escribí 0 filas en dataset/indicadores_index.csv
2025-10-31 15:21:40,069 [INFO] GET https://www.bps.gub.uy/1944/indicadores-de-la-seguridad-social.html -> 200
2025-10-31 15:21:40,133 [INFO] Bloques candidatos detectados: 320 (fase A)
2025-10-31 15:21:40,163 [WARNING] Fallo en https://www.bps.gub.uy/1944/indicadores-de-la-seguridad-social.html: name 'capitulo' is not defined
2025-10-31 15:21:40,164 [INFO] Sleeping 20.0s
2025-10-31 15:21:56,928 [INFO] GET https://www.bps.gub.uy/1944/indicadores-de-la-seguridad-social.html -> 200
2025-10-31 15:21:57,001 [INFO] Bloques candidatos detectados: 320 (fase A)
2025-10-31 15:21:57,031 [WARNING] Fallo en https://www.bps.gub.uy/1944/indicadores-de-la-seguridad-social.html: name 'capitulo' is not defined
2025-10-31 15:21:57,032 [INFO] Sleeping 2.0s
2025-10-31 15:21:59,111 [INFO] GET https://www.bps.gub.uy/bps/estadisticas/cuadro.jsp?cuadro=2 -> 200
2025-10-31 15:21:59,229 [INFO] Bloques candidatos detectados: 120 (fase A)
2025-10-31 15:21:59,233 [WARNING] Fallo en https://www.bps.gub.uy/bps/estadisticas/cuadro.jsp?cuadro=2: name 'capitulo' is not defined
2025-10-31 15:21:59,234 [INFO] Sleeping 2.0s
2025-10-31 15:22:01,946 [INFO] GET https://www.bps.gub.uy/bps/observatorio/cuadro.jsp?contentid=12780 -> 200
2025-10-31 15:22:02,237 [INFO] Bloques candidatos detectados: 1641 (fase A)
2025-10-31 15:22:02,286 [WARNING] Fallo en https://www.bps.gub.uy/bps/observatorio/cuadro.jsp?contentid=12780: name 'capitulo' is not defined
2025-10-31 15:22:02,286 [INFO] Sleeping 2.0s
2025-10-31 15:22:04,289 [INFO] Escribí 0 filas en dataset/indicadores_index.csv
2025-10-31 15:35:50,255 [INFO] GET https://www.bps.gub.uy/1944/indicadores-de-la-seguridad-social.html -> 200
2025-10-31 15:35:50,415 [INFO] Página https://www.bps.gub.uy/1944/indicadores-de-la-seguridad-social.html: 8 enlaces PDF/XLS encontrados, 8 válidos
2025-10-31 15:35:50,415 [INFO] Sleeping 2.0s
2025-10-31 15:35:52,523 [INFO] GET https://www.bps.gub.uy/bps/estadisticas/cuadro.jsp?cuadro=2 -> 200
2025-10-31 15:35:52,594 [INFO] Página https://www.bps.gub.uy/bps/estadisticas/cuadro.jsp?cuadro=2: 1 enlaces PDF/XLS encontrados, 1 válidos
2025-10-31 15:35:52,596 [INFO] Sleeping 2.0s
2025-10-31 15:35:55,178 [INFO] GET https://www.bps.gub.uy/bps/observatorio/cuadro.jsp?contentid=12780 -> 200
2025-10-31 15:35:55,336 [INFO] Página https://www.bps.gub.uy/bps/observatorio/cuadro.jsp?contentid=12780: 272 enlaces PDF/XLS encontrados, 272 válidos
2025-10-31 15:35:55,336 [INFO] Sleeping 2.0s
2025-10-31 15:35:57,349 [INFO] Escribí 273 filas en dataset/indicadores_index.csv
2025-10-31 15:43:44,232 [INFO] GET https://www.bps.gub.uy/1944/indicadores-de-la-seguridad-social.html -> 200
2025-10-31 15:43:44,301 [WARNING] Fallo en https://www.bps.gub.uy/1944/indicadores-de-la-seguridad-social.html: name '_prefer_cap_by_href' is not defined
2025-10-31 15:43:44,302 [INFO] Sleeping 2.0s
2025-10-31 15:43:46,420 [INFO] GET https://www.bps.gub.uy/bps/estadisticas/cuadro.jsp?cuadro=2 -> 200
2025-10-31 15:43:46,472 [WARNING] Fallo en https://www.bps.gub.uy/bps/estadisticas/cuadro.jsp?cuadro=2: name '_prefer_cap_by_href' is not defined
2025-10-31 15:43:46,472 [INFO] Sleeping 2.0s
2025-10-31 15:43:49,385 [INFO] GET https://www.bps.gub.uy/bps/observatorio/cuadro.jsp?contentid=12780 -> 200
2025-10-31 15:43:49,497 [WARNING] Fallo en https://www.bps.gub.uy/bps/observatorio/cuadro.jsp?contentid=12780: name '_prefer_cap_by_href' is not defined
2025-10-31 15:43:49,498 [INFO] Sleeping 2.0s
2025-10-31 15:43:51,499 [WARNING] No se extrajeron filas de índice. CSV NO se escribirá para evitar un archivo vacío.
2025-10-31 15:45:59,118 [INFO] GET https://www.bps.gub.uy/1944/indicadores-de-la-seguridad-social.html -> 200
2025-10-31 15:45:59,187 [INFO] Página https://www.bps.gub.uy/1944/indicadores-de-la-seguridad-social.html: 8 enlaces PDF/XLS encontrados, 8 válidos
2025-10-31 15:45:59,187 [INFO] Sleeping 2.0s
2025-10-31 15:46:01,399 [INFO] GET https://www.bps.gub.uy/bps/estadisticas/cuadro.jsp?cuadro=2 -> 200
2025-10-31 15:46:01,443 [INFO] Página https://www.bps.gub.uy/bps/estadisticas/cuadro.jsp?cuadro=2: 1 enlaces PDF/XLS encontrados, 1 válidos
2025-10-31 15:46:01,443 [INFO] Sleeping 2.0s
2025-10-31 15:46:04,051 [INFO] GET https://www.bps.gub.uy/bps/observatorio/cuadro.jsp?contentid=12780 -> 200
2025-10-31 15:46:04,230 [INFO] Página https://www.bps.gub.uy/bps/observatorio/cuadro.jsp?contentid=12780: 272 enlaces PDF/XLS encontrados, 272 válidos
2025-10-31 15:46:04,235 [INFO] Sleeping 2.0s
2025-10-31 15:46:06,250 [INFO] Escribí 273 filas en dataset/indicadores_index.csv
2025-10-31 15:46:25,607 [INFO] GET https://www.bps.gub.uy/1944/indicadores-de-la-seguridad-social.html -> 200
2025-10-31 15:46:25,671 [INFO] Página https://www.bps.gub.uy/1944/indicadores-de-la-seguridad-social.html: 8 enlaces PDF/XLS encontrados, 8 válidos
2025-10-31 15:46:25,672 [INFO] Sleeping 2.0s
2025-10-31 15:46:27,775 [INFO] GET https://www.bps.gub.uy/bps/estadisticas/cuadro.jsp?cuadro=2 -> 200
2025-10-31 15:46:27,810 [INFO] Página https://www.bps.gub.uy/bps/estadisticas/cuadro.jsp?cuadro=2: 1 enlaces PDF/XLS encontrados, 1 válidos
2025-10-31 15:46:27,810 [INFO] Sleeping 2.0s
2025-10-31 15:46:30,698 [INFO] GET https://www.bps.gub.uy/bps/observatorio/cuadro.jsp?contentid=12780 -> 200
2025-10-31 15:46:30,918 [INFO] Página https://www.bps.gub.uy/bps/observatorio/cuadro.jsp?contentid=12780: 272 enlaces PDF/XLS encontrados, 272 válidos
2025-10-31 15:46:30,918 [INFO] Sleeping 2.0s
2025-10-31 15:46:32,933 [INFO] Escribí 273 filas en dataset/indicadores_index.csv
2025-10-31 18:19:30,401 [INFO] GET https://www.bps.gub.uy/1944/indicadores-de-la-seguridad-social.html -> 200
2025-10-31 18:19:30,471 [INFO] Página https://www.bps.gub.uy/1944/indicadores-de-la-seguridad-social.html: 8 enlaces PDF/XLS encontrados, 8 válidos
2025-10-31 18:19:30,472 [INFO] Sleeping 2.0s
2025-10-31 18:19:32,605 [INFO] GET https://www.bps.gub.uy/bps/estadisticas/cuadro.jsp?cuadro=2 -> 200
2025-10-31 18:19:32,653 [INFO] Página https://www.bps.gub.uy/bps/estadisticas/cuadro.jsp?cuadro=2: 1 enlaces PDF/XLS encontrados, 1 válidos
2025-10-31 18:19:32,654 [INFO] Sleeping 2.0s
2025-10-31 18:19:35,607 [INFO] GET https://www.bps.gub.uy/bps/observatorio/cuadro.jsp?contentid=12780 -> 200
2025-10-31 18:19:35,824 [INFO] Página https://www.bps.gub.uy/bps/observatorio/cuadro.jsp?contentid=12780: 272 enlaces PDF/XLS encontrados, 272 válidos
2025-10-31 18:19:35,825 [INFO] Sleeping 2.0s
2025-10-31 18:19:37,826 [INFO] Reduciendo probes de 273 a 200 para ser amables.
2025-10-31 18:19:37,868 [INFO] Sleeping 0.2s
2025-10-31 18:19:38,089 [INFO] Sleeping 0.2s
2025-10-31 18:19:38,306 [INFO] Sleeping 0.2s
2025-10-31 18:19:38,517 [INFO] Sleeping 0.2s
2025-10-31 18:19:38,732 [INFO] Sleeping 0.2s
2025-10-31 18:19:38,949 [INFO] Sleeping 0.2s
2025-10-31 18:19:39,166 [INFO] Sleeping 0.2s
2025-10-31 18:19:39,391 [INFO] Sleeping 0.2s
2025-10-31 18:19:39,611 [INFO] Sleeping 0.2s
2025-10-31 18:19:39,829 [INFO] Sleeping 0.2s
2025-10-31 18:19:40,043 [INFO] Sleeping 0.2s
2025-10-31 18:19:40,270 [INFO] Sleeping 0.2s
2025-10-31 18:19:40,484 [INFO] Sleeping 0.2s
2025-10-31 18:19:40,699 [INFO] Sleeping 0.2s
2025-10-31 18:19:40,911 [INFO] Sleeping 0.2s
2025-10-31 18:19:41,125 [INFO] Sleeping 0.2s
2025-10-31 18:19:41,342 [INFO] Sleeping 0.2s
2025-10-31 18:19:41,569 [INFO] Sleeping 0.2s
2025-10-31 18:19:41,782 [INFO] Sleeping 0.2s
2025-10-31 18:19:41,998 [INFO] Sleeping 0.2s
2025-10-31 18:19:42,219 [INFO] Sleeping 0.2s
2025-10-31 18:19:42,436 [INFO] Sleeping 0.2s
2025-10-31 18:19:42,650 [INFO] Sleeping 0.2s
2025-10-31 18:19:42,866 [INFO] Sleeping 0.2s
2025-10-31 18:19:43,077 [INFO] Sleeping 0.2s
2025-10-31 18:19:43,334 [INFO] Sleeping 0.2s
2025-10-31 18:19:43,555 [INFO] Sleeping 0.2s
2025-10-31 18:19:43,772 [INFO] Sleeping 0.2s
2025-10-31 18:19:44,040 [INFO] Sleeping 0.2s
2025-10-31 18:19:44,258 [INFO] Sleeping 0.2s
2025-10-31 18:19:44,495 [INFO] Sleeping 0.2s
2025-10-31 18:19:44,711 [INFO] Sleeping 0.2s
2025-10-31 18:19:44,943 [INFO] Sleeping 0.2s
2025-10-31 18:19:45,158 [INFO] Sleeping 0.2s
2025-10-31 18:19:45,378 [INFO] Sleeping 0.2s
2025-10-31 18:19:45,598 [INFO] Sleeping 0.2s
2025-10-31 18:19:45,811 [INFO] Sleeping 0.2s
2025-10-31 18:19:46,029 [INFO] Sleeping 0.2s
2025-10-31 18:19:46,262 [INFO] Sleeping 0.2s
2025-10-31 18:19:46,476 [INFO] Sleeping 0.2s
2025-10-31 18:19:46,689 [INFO] Sleeping 0.2s
2025-10-31 18:19:46,924 [INFO] Sleeping 0.2s
2025-10-31 18:19:47,155 [INFO] Sleeping 0.2s
2025-10-31 18:19:47,370 [INFO] Sleeping 0.2s
2025-10-31 18:19:47,586 [INFO] Sleeping 0.2s
2025-10-31 18:19:47,804 [INFO] Sleeping 0.2s
2025-10-31 18:19:48,020 [INFO] Sleeping 0.2s
2025-10-31 18:19:48,240 [INFO] Sleeping 0.2s
2025-10-31 18:19:48,458 [INFO] Sleeping 0.2s
2025-10-31 18:19:48,680 [INFO] Sleeping 0.2s
2025-10-31 18:19:48,901 [INFO] Sleeping 0.2s
2025-10-31 18:19:49,117 [INFO] Sleeping 0.2s
2025-10-31 18:19:49,340 [INFO] Sleeping 0.2s
2025-10-31 18:19:49,568 [INFO] Sleeping 0.2s
2025-10-31 18:19:49,783 [INFO] Sleeping 0.2s
2025-10-31 18:19:50,004 [INFO] Sleeping 0.2s
2025-10-31 18:19:50,223 [INFO] Sleeping 0.2s
2025-10-31 18:19:50,436 [INFO] Sleeping 0.2s
2025-10-31 18:19:50,701 [INFO] Sleeping 0.2s
2025-10-31 18:19:50,969 [INFO] Sleeping 0.2s
2025-10-31 18:19:51,192 [INFO] Sleeping 0.2s
2025-10-31 18:19:51,467 [INFO] Sleeping 0.2s
2025-10-31 18:19:51,701 [INFO] Sleeping 0.2s
2025-10-31 18:19:51,928 [INFO] Sleeping 0.2s
2025-10-31 18:19:52,145 [INFO] Sleeping 0.2s
2025-10-31 18:19:52,364 [INFO] Sleeping 0.2s
2025-10-31 18:19:52,686 [INFO] Sleeping 0.2s
2025-10-31 18:19:52,909 [INFO] Sleeping 0.2s
2025-10-31 18:19:53,129 [INFO] Sleeping 0.2s
2025-10-31 18:19:53,362 [INFO] Sleeping 0.2s
2025-10-31 18:19:53,577 [INFO] Sleeping 0.2s
2025-10-31 18:19:53,794 [INFO] Sleeping 0.2s
2025-10-31 18:19:54,012 [INFO] Sleeping 0.2s
2025-10-31 18:19:54,225 [INFO] Sleeping 0.2s
2025-10-31 18:19:54,444 [INFO] Sleeping 0.2s
2025-10-31 18:19:54,665 [INFO] Sleeping 0.2s
2025-10-31 18:19:54,879 [INFO] Sleeping 0.2s
2025-10-31 18:19:55,098 [INFO] Sleeping 0.2s
2025-10-31 18:19:55,317 [INFO] Sleeping 0.2s
2025-10-31 18:19:55,534 [INFO] Sleeping 0.2s
2025-10-31 18:19:55,761 [INFO] Sleeping 0.2s
2025-10-31 18:19:55,979 [INFO] Sleeping 0.2s
2025-10-31 18:19:56,195 [INFO] Sleeping 0.2s
2025-10-31 18:19:56,410 [INFO] Sleeping 0.2s
2025-10-31 18:19:56,630 [INFO] Sleeping 0.2s
2025-10-31 18:19:56,864 [INFO] Sleeping 0.2s
2025-10-31 18:19:57,083 [INFO] Sleeping 0.2s
2025-10-31 18:19:57,310 [INFO] Sleeping 0.2s
2025-10-31 18:19:57,528 [INFO] Sleeping 0.2s
2025-10-31 18:19:57,751 [INFO] Sleeping 0.2s
2025-10-31 18:19:57,970 [INFO] Sleeping 0.2s
2025-10-31 18:19:58,233 [INFO] Sleeping 0.2s
2025-10-31 18:19:58,456 [INFO] Sleeping 0.2s
2025-10-31 18:19:58,673 [INFO] Sleeping 0.2s
2025-10-31 18:19:58,898 [INFO] Sleeping 0.2s
2025-10-31 18:19:59,118 [INFO] Sleeping 0.2s
2025-10-31 18:19:59,340 [INFO] Sleeping 0.2s
2025-10-31 18:19:59,587 [INFO] Sleeping 0.2s
2025-10-31 18:19:59,876 [INFO] Sleeping 0.2s
2025-10-31 18:20:00,133 [INFO] Sleeping 0.2s
2025-10-31 18:20:00,366 [INFO] Sleeping 0.2s
2025-10-31 18:20:00,623 [INFO] Sleeping 0.2s
2025-10-31 18:20:00,853 [INFO] Sleeping 0.2s
2025-10-31 18:20:01,082 [INFO] Sleeping 0.2s
2025-10-31 18:20:01,297 [INFO] Sleeping 0.2s
2025-10-31 18:20:01,535 [INFO] Sleeping 0.2s
2025-10-31 18:20:01,754 [INFO] Sleeping 0.2s
2025-10-31 18:20:01,984 [INFO] Sleeping 0.2s
2025-10-31 18:20:02,207 [INFO] Sleeping 0.2s
2025-10-31 18:20:02,477 [INFO] Sleeping 0.2s
2025-10-31 18:20:02,702 [INFO] Sleeping 0.2s
2025-10-31 18:20:02,936 [INFO] Sleeping 0.2s
2025-10-31 18:20:03,151 [INFO] Sleeping 0.2s
2025-10-31 18:20:03,371 [INFO] Sleeping 0.2s
2025-10-31 18:20:03,585 [INFO] Sleeping 0.2s
2025-10-31 18:20:03,804 [INFO] Sleeping 0.2s
2025-10-31 18:20:04,035 [INFO] Sleeping 0.2s
2025-10-31 18:20:04,257 [INFO] Sleeping 0.2s
2025-10-31 18:20:04,475 [INFO] Sleeping 0.2s
2025-10-31 18:20:04,701 [INFO] Sleeping 0.2s
2025-10-31 18:20:04,922 [INFO] Sleeping 0.2s
2025-10-31 18:20:05,144 [INFO] Sleeping 0.2s
2025-10-31 18:20:05,370 [INFO] Sleeping 0.2s
2025-10-31 18:20:05,598 [INFO] Sleeping 0.2s
2025-10-31 18:20:05,881 [INFO] Sleeping 0.2s
2025-10-31 18:20:06,135 [INFO] Sleeping 0.2s
2025-10-31 18:20:06,378 [INFO] Sleeping 0.2s
2025-10-31 18:20:06,626 [INFO] Sleeping 0.2s
2025-10-31 18:20:06,848 [INFO] Sleeping 0.2s
2025-10-31 18:20:07,073 [INFO] Sleeping 0.2s
2025-10-31 18:20:07,305 [INFO] Sleeping 0.2s
2025-10-31 18:20:07,637 [INFO] Sleeping 0.2s
2025-10-31 18:20:07,854 [INFO] Sleeping 0.2s
2025-10-31 18:20:08,067 [INFO] Sleeping 0.2s
2025-10-31 18:20:08,283 [INFO] Sleeping 0.2s
2025-10-31 18:20:08,509 [INFO] Sleeping 0.2s
2025-10-31 18:20:08,736 [INFO] Sleeping 0.2s
2025-10-31 18:20:08,971 [INFO] Sleeping 0.2s
2025-10-31 18:20:09,195 [INFO] Sleeping 0.2s
2025-10-31 18:20:09,413 [INFO] Sleeping 0.2s
2025-10-31 18:20:09,639 [INFO] Sleeping 0.2s
2025-10-31 18:20:09,867 [INFO] Sleeping 0.2s
2025-10-31 18:20:10,087 [INFO] Sleeping 0.2s
2025-10-31 18:20:10,301 [INFO] Sleeping 0.2s
2025-10-31 18:20:10,523 [INFO] Sleeping 0.2s
2025-10-31 18:20:10,738 [INFO] Sleeping 0.2s
2025-10-31 18:20:10,957 [INFO] Sleeping 0.2s
2025-10-31 18:20:11,179 [INFO] Sleeping 0.2s
2025-10-31 18:20:11,400 [INFO] Sleeping 0.2s
2025-10-31 18:20:11,630 [INFO] Sleeping 0.2s
2025-10-31 18:20:11,856 [INFO] Sleeping 0.2s
2025-10-31 18:20:12,080 [INFO] Sleeping 0.2s
2025-10-31 18:20:12,307 [INFO] Sleeping 0.2s
2025-10-31 18:20:12,528 [INFO] Sleeping 0.2s
2025-10-31 18:20:12,746 [INFO] Sleeping 0.2s
2025-10-31 18:20:12,968 [INFO] Sleeping 0.2s
2025-10-31 18:20:13,184 [INFO] Sleeping 0.2s
2025-10-31 18:20:13,464 [INFO] Sleeping 0.2s
2025-10-31 18:20:13,736 [INFO] Sleeping 0.2s
2025-10-31 18:20:13,961 [INFO] Sleeping 0.2s
2025-10-31 18:20:14,202 [INFO] Sleeping 0.2s
2025-10-31 18:20:14,431 [INFO] Sleeping 0.2s
2025-10-31 18:20:14,648 [INFO] Sleeping 0.2s
2025-10-31 18:20:14,865 [INFO] Sleeping 0.2s
2025-10-31 18:20:15,089 [INFO] Sleeping 0.2s
2025-10-31 18:20:15,302 [INFO] Sleeping 0.2s
2025-10-31 18:20:15,517 [INFO] Sleeping 0.2s
2025-10-31 18:20:15,735 [INFO] Sleeping 0.2s
2025-10-31 18:20:15,964 [INFO] Sleeping 0.2s
2025-10-31 18:20:16,186 [INFO] Sleeping 0.2s
2025-10-31 18:20:16,402 [INFO] Sleeping 0.2s
2025-10-31 18:20:16,615 [INFO] Sleeping 0.2s
2025-10-31 18:20:16,838 [INFO] Sleeping 0.2s
2025-10-31 18:20:17,062 [INFO] Sleeping 0.2s
2025-10-31 18:20:17,279 [INFO] Sleeping 0.2s
2025-10-31 18:20:17,498 [INFO] Sleeping 0.2s
2025-10-31 18:20:17,722 [INFO] Sleeping 0.2s
2025-10-31 18:20:17,939 [INFO] Sleeping 0.2s
2025-10-31 18:20:18,156 [INFO] Sleeping 0.2s
2025-10-31 18:20:18,370 [INFO] Sleeping 0.2s
2025-10-31 18:20:18,596 [INFO] Sleeping 0.2s
2025-10-31 18:20:18,819 [INFO] Sleeping 0.2s
2025-10-31 18:20:19,057 [INFO] Sleeping 0.2s
2025-10-31 18:20:19,277 [INFO] Sleeping 0.2s
2025-10-31 18:20:19,496 [INFO] Sleeping 0.2s
2025-10-31 18:20:19,712 [INFO] Sleeping 0.2s
2025-10-31 18:20:19,929 [INFO] Sleeping 0.2s
2025-10-31 18:20:20,145 [INFO] Sleeping 0.2s
2025-10-31 18:20:20,373 [INFO] Sleeping 0.2s
2025-10-31 18:20:20,596 [INFO] Sleeping 0.2s
2025-10-31 18:20:20,826 [INFO] Sleeping 0.2s
2025-10-31 18:20:21,077 [INFO] Sleeping 0.2s
2025-10-31 18:20:21,316 [INFO] Sleeping 0.2s
2025-10-31 18:20:21,533 [INFO] Sleeping 0.2s
2025-10-31 18:20:21,778 [INFO] Sleeping 0.2s
2025-10-31 18:20:21,998 [INFO] Sleeping 0.2s
2025-10-31 18:20:22,212 [INFO] Sleeping 0.2s
2025-10-31 18:20:22,444 [INFO] Sleeping 0.2s
2025-10-31 18:20:22,662 [INFO] Sleeping 0.2s
2025-10-31 18:20:22,929 [INFO] Sleeping 0.2s
2025-10-31 18:20:23,145 [INFO] Escribí 273 filas en dataset/indicadores_index.csv
2025-10-31 18:47:33,587 [INFO] GET https://www.bps.gub.uy/1944/indicadores-de-la-seguridad-social.html -> 200
2025-10-31 18:47:33,685 [WARNING] Fallo en https://www.bps.gub.uy/1944/indicadores-de-la-seguridad-social.html: name 'row' is not defined
2025-10-31 18:47:33,685 [INFO] Sleeping 2.0s
2025-10-31 18:47:35,828 [INFO] GET https://www.bps.gub.uy/bps/estadisticas/cuadro.jsp?cuadro=2 -> 200
2025-10-31 18:47:35,929 [WARNING] Fallo en https://www.bps.gub.uy/bps/estadisticas/cuadro.jsp?cuadro=2: name 'row' is not defined
2025-10-31 18:47:35,930 [INFO] Sleeping 2.0s
2025-10-31 18:47:38,946 [INFO] GET https://www.bps.gub.uy/bps/observatorio/cuadro.jsp?contentid=12780 -> 200
2025-10-31 18:47:39,046 [WARNING] Fallo en https://www.bps.gub.uy/bps/observatorio/cuadro.jsp?contentid=12780: name 'row' is not defined
2025-10-31 18:47:39,047 [INFO] Sleeping 2.0s
2025-10-31 18:47:41,048 [WARNING] No se extrajeron filas de índice. CSV NO se escribirá para evitar un archivo vacío.
2025-10-31 18:49:30,928 [INFO] GET https://www.bps.gub.uy/1944/indicadores-de-la-seguridad-social.html -> 200
2025-10-31 18:49:30,994 [WARNING] Fallo en https://www.bps.gub.uy/1944/indicadores-de-la-seguridad-social.html: name 'row' is not defined
2025-10-31 18:49:30,995 [INFO] Sleeping 2.0s
2025-10-31 18:49:33,068 [INFO] GET https://www.bps.gub.uy/bps/estadisticas/cuadro.jsp?cuadro=2 -> 200
2025-10-31 18:49:33,097 [WARNING] Fallo en https://www.bps.gub.uy/bps/estadisticas/cuadro.jsp?cuadro=2: name 'row' is not defined
2025-10-31 18:49:33,101 [INFO] Sleeping 2.0s
2025-10-31 18:49:35,963 [INFO] GET https://www.bps.gub.uy/bps/observatorio/cuadro.jsp?contentid=12780 -> 200
2025-10-31 18:49:36,076 [WARNING] Fallo en https://www.bps.gub.uy/bps/observatorio/cuadro.jsp?contentid=12780: name 'row' is not defined
2025-10-31 18:49:36,077 [INFO] Sleeping 2.0s
2025-10-31 18:49:38,077 [WARNING] No se extrajeron filas de índice. CSV NO se escribirá para evitar un archivo vacío.
2025-10-31 18:51:43,578 [INFO] GET https://www.bps.gub.uy/1944/indicadores-de-la-seguridad-social.html -> 200
2025-10-31 18:51:43,648 [WARNING] Fallo en https://www.bps.gub.uy/1944/indicadores-de-la-seguridad-social.html: name 'row' is not defined
2025-10-31 18:51:43,648 [INFO] Sleeping 2.0s
2025-10-31 18:51:45,781 [INFO] GET https://www.bps.gub.uy/bps/estadisticas/cuadro.jsp?cuadro=2 -> 200
2025-10-31 18:51:45,811 [WARNING] Fallo en https://www.bps.gub.uy/bps/estadisticas/cuadro.jsp?cuadro=2: name 'row' is not defined
2025-10-31 18:51:45,811 [INFO] Sleeping 2.0s
2025-10-31 18:51:48,383 [INFO] GET https://www.bps.gub.uy/bps/observatorio/cuadro.jsp?contentid=12780 -> 200
2025-10-31 18:51:48,499 [WARNING] Fallo en https://www.bps.gub.uy/bps/observatorio/cuadro.jsp?contentid=12780: name 'row' is not defined
2025-10-31 18:51:48,500 [INFO] Sleeping 2.0s
2025-10-31 18:51:50,500 [WARNING] No se extrajeron filas de índice. CSV NO se escribirá para evitar un archivo vacío.
2025-10-31 18:54:18,520 [INFO] GET https://www.bps.gub.uy/1944/indicadores-de-la-seguridad-social.html -> 200
2025-10-31 18:54:18,559 [INFO] Página https://www.bps.gub.uy/1944/indicadores-de-la-seguridad-social.html: 8 enlaces PDF/XLS encontrados, 8 válidos
2025-10-31 18:54:18,559 [INFO] Sleeping 2.0s
2025-10-31 18:54:20,656 [INFO] GET https://www.bps.gub.uy/bps/estadisticas/cuadro.jsp?cuadro=2 -> 200
2025-10-31 18:54:20,737 [INFO] Página https://www.bps.gub.uy/bps/estadisticas/cuadro.jsp?cuadro=2: 1 enlaces PDF/XLS encontrados, 1 válidos
2025-10-31 18:54:20,739 [INFO] Sleeping 2.0s
2025-10-31 18:54:23,610 [INFO] GET https://www.bps.gub.uy/bps/observatorio/cuadro.jsp?contentid=12780 -> 200
2025-10-31 18:54:23,739 [INFO] Página https://www.bps.gub.uy/bps/observatorio/cuadro.jsp?contentid=12780: 272 enlaces PDF/XLS encontrados, 272 válidos
2025-10-31 18:54:23,740 [INFO] Sleeping 2.0s
2025-10-31 18:54:25,741 [INFO] Reduciendo probes de 281 a 200 para ser amables.
2025-10-31 18:54:25,788 [INFO] Sleeping 0.2s
2025-10-31 18:54:26,007 [INFO] Sleeping 0.2s
2025-10-31 18:54:26,221 [INFO] Sleeping 0.2s
2025-10-31 18:54:26,443 [INFO] Sleeping 0.2s
2025-10-31 18:54:26,658 [INFO] Sleeping 0.2s
2025-10-31 18:54:26,881 [INFO] Sleeping 0.2s
2025-10-31 18:54:27,095 [INFO] Sleeping 0.2s
2025-10-31 18:54:27,308 [INFO] Sleeping 0.2s
2025-10-31 18:54:27,524 [INFO] Sleeping 0.2s
2025-10-31 18:54:27,739 [INFO] Sleeping 0.2s
2025-10-31 18:54:27,986 [INFO] Sleeping 0.2s
2025-10-31 18:54:28,199 [INFO] Sleeping 0.2s
2025-10-31 18:54:28,419 [INFO] Sleeping 0.2s
2025-10-31 18:54:28,670 [INFO] Sleeping 0.2s
2025-10-31 18:54:28,889 [INFO] Sleeping 0.2s
2025-10-31 18:54:29,107 [INFO] Sleeping 0.2s
2025-10-31 18:54:29,338 [INFO] Sleeping 0.2s
2025-10-31 18:54:29,551 [INFO] Sleeping 0.2s
2025-10-31 18:54:29,788 [INFO] Sleeping 0.2s
2025-10-31 18:54:30,003 [INFO] Sleeping 0.2s
2025-10-31 18:54:30,239 [INFO] Sleeping 0.2s
2025-10-31 18:54:30,456 [INFO] Sleeping 0.2s
2025-10-31 18:54:30,673 [INFO] Sleeping 0.2s
2025-10-31 18:54:30,890 [INFO] Sleeping 0.2s
2025-10-31 18:54:31,103 [INFO] Sleeping 0.2s
2025-10-31 18:54:31,318 [INFO] Sleeping 0.2s
2025-10-31 18:54:31,536 [INFO] Sleeping 0.2s
2025-10-31 18:54:31,793 [INFO] Sleeping 0.2s
2025-10-31 18:54:32,010 [INFO] Sleeping 0.2s
2025-10-31 18:54:32,243 [INFO] Sleeping 0.2s
2025-10-31 18:54:32,460 [INFO] Sleeping 0.2s
2025-10-31 18:54:32,674 [INFO] Sleeping 0.2s
2025-10-31 18:54:32,892 [INFO] Sleeping 0.2s
2025-10-31 18:54:33,106 [INFO] Sleeping 0.2s
2025-10-31 18:54:33,328 [INFO] Sleeping 0.2s
2025-10-31 18:54:33,548 [INFO] Sleeping 0.2s
2025-10-31 18:54:33,762 [INFO] Sleeping 0.2s
2025-10-31 18:54:33,977 [INFO] Sleeping 0.2s
2025-10-31 18:54:34,191 [INFO] Sleeping 0.2s
2025-10-31 18:54:34,411 [INFO] Sleeping 0.2s
2025-10-31 18:54:34,624 [INFO] Sleeping 0.2s
2025-10-31 18:54:34,840 [INFO] Sleeping 0.2s
2025-10-31 18:54:35,063 [INFO] Sleeping 0.2s
2025-10-31 18:54:35,322 [INFO] Sleeping 0.2s
2025-10-31 18:54:35,545 [INFO] Sleeping 0.2s
2025-10-31 18:54:35,774 [INFO] Sleeping 0.2s
2025-10-31 18:54:36,026 [INFO] Sleeping 0.2s
2025-10-31 18:54:36,349 [INFO] Sleeping 0.2s
2025-10-31 18:54:36,565 [INFO] Sleeping 0.2s
2025-10-31 18:54:36,786 [INFO] Sleeping 0.2s
2025-10-31 18:54:37,005 [INFO] Sleeping 0.2s
2025-10-31 18:54:37,224 [INFO] Sleeping 0.2s
2025-10-31 18:54:37,441 [INFO] Sleeping 0.2s
2025-10-31 18:54:37,654 [INFO] Sleeping 0.2s
2025-10-31 18:54:37,867 [INFO] Sleeping 0.2s
2025-10-31 18:54:38,084 [INFO] Sleeping 0.2s
2025-10-31 18:54:38,308 [INFO] Sleeping 0.2s
2025-10-31 18:54:38,520 [INFO] Sleeping 0.2s
2025-10-31 18:54:38,736 [INFO] Sleeping 0.2s
2025-10-31 18:54:38,961 [INFO] Sleeping 0.2s
2025-10-31 18:54:39,236 [INFO] Sleeping 0.2s
2025-10-31 18:54:39,450 [INFO] Sleeping 0.2s
2025-10-31 18:54:39,663 [INFO] Sleeping 0.2s
2025-10-31 18:54:39,879 [INFO] Sleeping 0.2s
2025-10-31 18:54:40,108 [INFO] Sleeping 0.2s
2025-10-31 18:54:40,329 [INFO] Sleeping 0.2s
2025-10-31 18:54:40,549 [INFO] Sleeping 0.2s
2025-10-31 18:54:40,775 [INFO] Sleeping 0.2s
2025-10-31 18:54:40,989 [INFO] Sleeping 0.2s
2025-10-31 18:54:41,198 [INFO] Sleeping 0.2s
2025-10-31 18:54:41,411 [INFO] Sleeping 0.2s
2025-10-31 18:54:41,628 [INFO] Sleeping 0.2s
2025-10-31 18:54:41,842 [INFO] Sleeping 0.2s
2025-10-31 18:54:42,060 [INFO] Sleeping 0.2s
2025-10-31 18:54:42,277 [INFO] Sleeping 0.2s
2025-10-31 18:54:42,502 [INFO] Sleeping 0.2s
2025-10-31 18:54:42,723 [INFO] Sleeping 0.2s
2025-10-31 18:54:42,936 [INFO] Sleeping 0.2s
2025-10-31 18:54:43,172 [INFO] Sleeping 0.2s
2025-10-31 18:54:43,395 [INFO] Sleeping 0.2s
2025-10-31 18:54:43,607 [INFO] Sleeping 0.2s
2025-10-31 18:54:43,829 [INFO] Sleeping 0.2s
2025-10-31 18:54:44,068 [INFO] Sleeping 0.2s
2025-10-31 18:54:44,296 [INFO] Sleeping 0.2s
2025-10-31 18:54:44,555 [INFO] Sleeping 0.2s
2025-10-31 18:54:44,780 [INFO] Sleeping 0.2s
2025-10-31 18:54:45,000 [INFO] Sleeping 0.2s
2025-10-31 18:54:45,217 [INFO] Sleeping 0.2s
2025-10-31 18:54:45,439 [INFO] Sleeping 0.2s
2025-10-31 18:54:45,650 [INFO] Sleeping 0.2s
2025-10-31 18:54:45,884 [INFO] Sleeping 0.2s
2025-10-31 18:54:46,137 [INFO] Sleeping 0.2s
2025-10-31 18:54:46,406 [INFO] Sleeping 0.2s
2025-10-31 18:54:46,622 [INFO] Sleeping 0.2s
2025-10-31 18:54:46,852 [INFO] Sleeping 0.2s
2025-10-31 18:54:47,075 [INFO] Sleeping 0.2s
2025-10-31 18:54:47,298 [INFO] Sleeping 0.2s
2025-10-31 18:54:47,520 [INFO] Sleeping 0.2s
2025-10-31 18:54:47,800 [INFO] Sleeping 0.2s
2025-10-31 18:54:48,023 [INFO] Sleeping 0.2s
2025-10-31 18:54:48,267 [INFO] Sleeping 0.2s
2025-10-31 18:54:48,488 [INFO] Sleeping 0.2s
2025-10-31 18:54:48,719 [INFO] Sleeping 0.2s
2025-10-31 18:54:48,941 [INFO] Sleeping 0.2s
2025-10-31 18:54:49,207 [INFO] Sleeping 0.2s
2025-10-31 18:54:49,421 [INFO] Sleeping 0.2s
2025-10-31 18:54:49,653 [INFO] Sleeping 0.2s
2025-10-31 18:54:49,892 [INFO] Sleeping 0.2s
2025-10-31 18:54:50,120 [INFO] Sleeping 0.2s
2025-10-31 18:54:50,354 [INFO] Sleeping 0.2s
2025-10-31 18:54:50,576 [INFO] Sleeping 0.2s
2025-10-31 18:54:50,794 [INFO] Sleeping 0.2s
2025-10-31 18:54:51,046 [INFO] Sleeping 0.2s
2025-10-31 18:54:51,272 [INFO] Sleeping 0.2s
2025-10-31 18:54:51,496 [INFO] Sleeping 0.2s
2025-10-31 18:54:51,712 [INFO] Sleeping 0.2s
2025-10-31 18:54:51,926 [INFO] Sleeping 0.2s
2025-10-31 18:54:52,141 [INFO] Sleeping 0.2s
2025-10-31 18:54:52,360 [INFO] Sleeping 0.2s
2025-10-31 18:54:52,584 [INFO] Sleeping 0.2s
2025-10-31 18:54:52,803 [INFO] Sleeping 0.2s
2025-10-31 18:54:53,021 [INFO] Sleeping 0.2s
2025-10-31 18:54:53,246 [INFO] Sleeping 0.2s
2025-10-31 18:54:53,466 [INFO] Sleeping 0.2s
2025-10-31 18:54:53,682 [INFO] Sleeping 0.2s
2025-10-31 18:54:53,913 [INFO] Sleeping 0.2s
2025-10-31 18:54:54,128 [INFO] Sleeping 0.2s
2025-10-31 18:54:54,340 [INFO] Sleeping 0.2s
2025-10-31 18:54:54,568 [INFO] Sleeping 0.2s
2025-10-31 18:54:54,793 [INFO] Sleeping 0.2s
2025-10-31 18:54:55,023 [INFO] Sleeping 0.2s
2025-10-31 18:54:55,247 [INFO] Sleeping 0.2s
2025-10-31 18:54:55,463 [INFO] Sleeping 0.2s
2025-10-31 18:54:55,681 [INFO] Sleeping 0.2s
2025-10-31 18:54:55,898 [INFO] Sleeping 0.2s
2025-10-31 18:54:56,139 [INFO] Sleeping 0.2s
2025-10-31 18:54:56,362 [INFO] Sleeping 0.2s
2025-10-31 18:54:56,585 [INFO] Sleeping 0.2s
2025-10-31 18:54:56,817 [INFO] Sleeping 0.2s
2025-10-31 18:54:57,035 [INFO] Sleeping 0.2s
2025-10-31 18:54:57,256 [INFO] Sleeping 0.2s
2025-10-31 18:54:57,473 [INFO] Sleeping 0.2s
2025-10-31 18:54:57,723 [INFO] Sleeping 0.2s
2025-10-31 18:54:57,995 [INFO] Sleeping 0.2s
2025-10-31 18:54:58,247 [INFO] Sleeping 0.2s
2025-10-31 18:54:58,489 [INFO] Sleeping 0.2s
2025-10-31 18:54:58,708 [INFO] Sleeping 0.2s
2025-10-31 18:54:58,924 [INFO] Sleeping 0.2s
2025-10-31 18:54:59,176 [INFO] Sleeping 0.2s
2025-10-31 18:54:59,399 [INFO] Sleeping 0.2s
2025-10-31 18:54:59,620 [INFO] Sleeping 0.2s
2025-10-31 18:54:59,859 [INFO] Sleeping 0.2s
2025-10-31 18:55:00,086 [INFO] Sleeping 0.2s
2025-10-31 18:55:00,308 [INFO] Sleeping 0.2s
2025-10-31 18:55:00,524 [INFO] Sleeping 0.2s
2025-10-31 18:55:00,737 [INFO] Sleeping 0.2s
2025-10-31 18:55:00,947 [INFO] Sleeping 0.2s
2025-10-31 18:55:01,176 [INFO] Sleeping 0.2s
2025-10-31 18:55:01,400 [INFO] Sleeping 0.2s
2025-10-31 18:55:01,629 [INFO] Sleeping 0.2s
2025-10-31 18:55:01,849 [INFO] Sleeping 0.2s
2025-10-31 18:55:02,067 [INFO] Sleeping 0.2s
2025-10-31 18:55:02,283 [INFO] Sleeping 0.2s
2025-10-31 18:55:02,500 [INFO] Sleeping 0.2s
2025-10-31 18:55:02,716 [INFO] Sleeping 0.2s
2025-10-31 18:55:02,940 [INFO] Sleeping 0.2s
2025-10-31 18:55:03,155 [INFO] Sleeping 0.2s
2025-10-31 18:55:03,367 [INFO] Sleeping 0.2s
2025-10-31 18:55:03,595 [INFO] Sleeping 0.2s
2025-10-31 18:55:03,825 [INFO] Sleeping 0.2s
2025-10-31 18:55:04,053 [INFO] Sleeping 0.2s
2025-10-31 18:55:04,273 [INFO] Sleeping 0.2s
2025-10-31 18:55:04,490 [INFO] Sleeping 0.2s
2025-10-31 18:55:04,714 [INFO] Sleeping 0.2s
2025-10-31 18:55:04,926 [INFO] Sleeping 0.2s
2025-10-31 18:55:05,180 [INFO] Sleeping 0.2s
2025-10-31 18:55:05,398 [INFO] Sleeping 0.2s
2025-10-31 18:55:05,614 [INFO] Sleeping 0.2s
2025-10-31 18:55:05,860 [INFO] Sleeping 0.2s
2025-10-31 18:55:06,129 [INFO] Sleeping 0.2s
2025-10-31 18:55:06,348 [INFO] Sleeping 0.2s
2025-10-31 18:55:06,614 [INFO] Sleeping 0.2s
2025-10-31 18:55:06,830 [INFO] Sleeping 0.2s
2025-10-31 18:55:07,060 [INFO] Sleeping 0.2s
2025-10-31 18:55:07,273 [INFO] Sleeping 0.2s
2025-10-31 18:55:07,510 [INFO] Sleeping 0.2s
2025-10-31 18:55:07,727 [INFO] Sleeping 0.2s
2025-10-31 18:55:07,946 [INFO] Sleeping 0.2s
2025-10-31 18:55:08,160 [INFO] Sleeping 0.2s
2025-10-31 18:55:08,397 [INFO] Sleeping 0.2s
2025-10-31 18:55:08,613 [INFO] Sleeping 0.2s
2025-10-31 18:55:08,830 [INFO] Sleeping 0.2s
2025-10-31 18:55:09,043 [INFO] Escribí 273 filas en dataset/indicadores_index.csv
2025-10-31 19:11:41,673 [INFO] GET https://www.bps.gub.uy/1944/indicadores-de-la-seguridad-social.html -> 200
2025-10-31 19:11:41,736 [INFO] Página https://www.bps.gub.uy/1944/indicadores-de-la-seguridad-social.html: 8 enlaces PDF/XLS encontrados, 8 válidos
2025-10-31 19:11:41,736 [INFO] Sleeping 2.0s
2025-10-31 19:11:43,875 [INFO] GET https://www.bps.gub.uy/bps/estadisticas/cuadro.jsp?cuadro=2 -> 200
2025-10-31 19:11:43,969 [INFO] Página https://www.bps.gub.uy/bps/estadisticas/cuadro.jsp?cuadro=2: 1 enlaces PDF/XLS encontrados, 1 válidos
2025-10-31 19:11:43,977 [INFO] Sleeping 2.0s
2025-10-31 19:11:46,984 [INFO] GET https://www.bps.gub.uy/bps/observatorio/cuadro.jsp?contentid=12780 -> 200
2025-10-31 19:11:47,150 [INFO] Página https://www.bps.gub.uy/bps/observatorio/cuadro.jsp?contentid=12780: 272 enlaces PDF/XLS encontrados, 272 válidos
2025-10-31 19:11:47,150 [INFO] Sleeping 2.0s
2025-10-31 19:11:49,151 [INFO] Reduciendo probes de 281 a 200 para ser amables.
2025-10-31 19:11:49,187 [INFO] Sleeping 0.2s
2025-10-31 19:11:49,404 [INFO] Sleeping 0.2s
2025-10-31 19:11:49,622 [INFO] Sleeping 0.2s
2025-10-31 19:11:49,845 [INFO] Sleeping 0.2s
2025-10-31 19:11:50,070 [INFO] Sleeping 0.2s
2025-10-31 19:11:50,283 [INFO] Sleeping 0.2s
2025-10-31 19:11:50,496 [INFO] Sleeping 0.2s
2025-10-31 19:11:50,722 [INFO] Sleeping 0.2s
2025-10-31 19:11:50,937 [INFO] Sleeping 0.2s
2025-10-31 19:11:51,151 [INFO] Sleeping 0.2s
2025-10-31 19:11:51,366 [INFO] Sleeping 0.2s
2025-10-31 19:11:51,589 [INFO] Sleeping 0.2s
2025-10-31 19:11:51,804 [INFO] Sleeping 0.2s
2025-10-31 19:11:52,022 [INFO] Sleeping 0.2s
2025-10-31 19:11:52,246 [INFO] Sleeping 0.2s
2025-10-31 19:11:52,462 [INFO] Sleeping 0.2s
2025-10-31 19:11:52,680 [INFO] Sleeping 0.2s
2025-10-31 19:11:52,901 [INFO] Sleeping 0.2s
2025-10-31 19:11:53,138 [INFO] Sleeping 0.2s
2025-10-31 19:11:53,416 [INFO] Sleeping 0.2s
2025-10-31 19:11:53,643 [INFO] Sleeping 0.2s
2025-10-31 19:11:53,875 [INFO] Sleeping 0.2s
2025-10-31 19:11:54,107 [INFO] Sleeping 0.2s
2025-10-31 19:11:54,358 [INFO] Sleeping 0.2s
2025-10-31 19:11:54,577 [INFO] Sleeping 0.2s
2025-10-31 19:11:54,799 [INFO] Sleeping 0.2s
2025-10-31 19:11:55,015 [INFO] Sleeping 0.2s
2025-10-31 19:11:55,235 [INFO] Sleeping 0.2s
2025-10-31 19:11:55,457 [INFO] Sleeping 0.2s
2025-10-31 19:11:55,676 [INFO] Sleeping 0.2s
2025-10-31 19:11:55,891 [INFO] Sleeping 0.2s
2025-10-31 19:11:56,105 [INFO] Sleeping 0.2s
2025-10-31 19:11:56,316 [INFO] Sleeping 0.2s
2025-10-31 19:11:56,527 [INFO] Sleeping 0.2s
2025-10-31 19:11:56,769 [INFO] Sleeping 0.2s
2025-10-31 19:11:57,006 [INFO] Sleeping 0.2s
2025-10-31 19:11:57,228 [INFO] Sleeping 0.2s
2025-10-31 19:11:57,447 [INFO] Sleeping 0.2s
2025-10-31 19:11:57,671 [INFO] Sleeping 0.2s
2025-10-31 19:11:57,914 [INFO] Sleeping 0.2s
2025-10-31 19:11:58,131 [INFO] Sleeping 0.2s
2025-10-31 19:11:58,351 [INFO] Sleeping 0.2s
2025-10-31 19:11:58,568 [INFO] Sleeping 0.2s
2025-10-31 19:11:58,784 [INFO] Sleeping 0.2s
2025-10-31 19:11:58,998 [INFO] Sleeping 0.2s
2025-10-31 19:11:59,220 [INFO] Sleeping 0.2s
2025-10-31 19:11:59,438 [INFO] Sleeping 0.2s
2025-10-31 19:11:59,657 [INFO] Sleeping 0.2s
2025-10-31 19:11:59,879 [INFO] Sleeping 0.2s
2025-10-31 19:12:00,124 [INFO] Sleeping 0.2s
2025-10-31 19:12:00,395 [INFO] Sleeping 0.2s
2025-10-31 19:12:00,652 [INFO] Sleeping 0.2s
2025-10-31 19:12:00,881 [INFO] Sleeping 0.2s
2025-10-31 19:12:01,101 [INFO] Sleeping 0.2s
2025-10-31 19:12:01,330 [INFO] Sleeping 0.2s
2025-10-31 19:12:01,659 [INFO] Sleeping 0.2s
2025-10-31 19:12:01,893 [INFO] Sleeping 0.2s
2025-10-31 19:12:02,122 [INFO] Sleeping 0.2s
2025-10-31 19:12:02,341 [INFO] Sleeping 0.2s
2025-10-31 19:12:02,672 [INFO] Sleeping 0.2s
2025-10-31 19:12:02,893 [INFO] Sleeping 0.2s
2025-10-31 19:12:03,120 [INFO] Sleeping 0.2s
2025-10-31 19:12:03,353 [INFO] Sleeping 0.2s
2025-10-31 19:12:03,569 [INFO] Sleeping 0.2s
2025-10-31 19:12:03,783 [INFO] Sleeping 0.2s
2025-10-31 19:12:04,019 [INFO] Sleeping 0.2s
2025-10-31 19:12:04,237 [INFO] Sleeping 0.2s
2025-10-31 19:12:04,459 [INFO] Sleeping 0.2s
2025-10-31 19:12:04,676 [INFO] Sleeping 0.2s
2025-10-31 19:12:04,895 [INFO] Sleeping 0.2s
2025-10-31 19:12:05,117 [INFO] Sleeping 0.2s
2025-10-31 19:12:05,331 [INFO] Sleeping 0.2s
2025-10-31 19:12:05,553 [INFO] Sleeping 0.2s
2025-10-31 19:12:05,776 [INFO] Sleeping 0.2s
2025-10-31 19:12:05,993 [INFO] Sleeping 0.2s
2025-10-31 19:12:06,213 [INFO] Sleeping 0.2s
2025-10-31 19:12:06,435 [INFO] Sleeping 0.2s
2025-10-31 19:12:06,655 [INFO] Sleeping 0.2s
2025-10-31 19:12:06,873 [INFO] Sleeping 0.2s
2025-10-31 19:12:07,094 [INFO] Sleeping 0.2s
2025-10-31 19:12:07,317 [INFO] Sleeping 0.2s
2025-10-31 19:12:07,534 [INFO] Sleeping 0.2s
2025-10-31 19:12:07,751 [INFO] Sleeping 0.2s
2025-10-31 19:12:07,985 [INFO] Sleeping 0.2s
2025-10-31 19:12:08,206 [INFO] Sleeping 0.2s
2025-10-31 19:12:08,423 [INFO] Sleeping 0.2s
2025-10-31 19:12:08,638 [INFO] Sleeping 0.2s
2025-10-31 19:12:08,852 [INFO] Sleeping 0.2s
2025-10-31 19:12:09,075 [INFO] Sleeping 0.2s
2025-10-31 19:12:09,288 [INFO] Sleeping 0.2s
2025-10-31 19:12:09,514 [INFO] Sleeping 0.2s
2025-10-31 19:12:09,731 [INFO] Sleeping 0.2s
2025-10-31 19:12:09,971 [INFO] Sleeping 0.2s
2025-10-31 19:12:10,183 [INFO] Sleeping 0.2s
2025-10-31 19:12:10,396 [INFO] Sleeping 0.2s
2025-10-31 19:12:10,639 [INFO] Sleeping 0.2s
2025-10-31 19:12:10,862 [INFO] Sleeping 0.2s
2025-10-31 19:12:11,085 [INFO] Sleeping 0.2s
2025-10-31 19:12:11,338 [INFO] Sleeping 0.2s
2025-10-31 19:12:11,559 [INFO] Sleeping 0.2s
2025-10-31 19:12:11,777 [INFO] Sleeping 0.2s
2025-10-31 19:12:12,005 [INFO] Sleeping 0.2s
2025-10-31 19:12:12,258 [INFO] Sleeping 0.2s
2025-10-31 19:12:12,532 [INFO] Sleeping 0.2s
2025-10-31 19:12:12,756 [INFO] Sleeping 0.2s
2025-10-31 19:12:12,975 [INFO] Sleeping 0.2s
2025-10-31 19:12:13,193 [INFO] Sleeping 0.2s
2025-10-31 19:12:13,405 [INFO] Sleeping 0.2s
2025-10-31 19:12:13,636 [INFO] Sleeping 0.2s
2025-10-31 19:12:13,854 [INFO] Sleeping 0.2s
2025-10-31 19:12:14,081 [INFO] Sleeping 0.2s
2025-10-31 19:12:14,300 [INFO] Sleeping 0.2s
2025-10-31 19:12:14,535 [INFO] Sleeping 0.2s
2025-10-31 19:12:14,757 [INFO] Sleeping 0.2s
2025-10-31 19:12:14,985 [INFO] Sleeping 0.2s
2025-10-31 19:12:15,201 [INFO] Sleeping 0.2s
2025-10-31 19:12:15,418 [INFO] Sleeping 0.2s
2025-10-31 19:12:15,637 [INFO] Sleeping 0.2s
2025-10-31 19:12:15,862 [INFO] Sleeping 0.2s
2025-10-31 19:12:16,080 [INFO] Sleeping 0.2s
2025-10-31 19:12:16,339 [INFO] Sleeping 0.2s
2025-10-31 19:12:16,553 [INFO] Sleeping 0.2s
2025-10-31 19:12:16,822 [INFO] Sleeping 0.2s
2025-10-31 19:12:17,054 [INFO] Sleeping 0.2s
2025-10-31 19:12:17,271 [INFO] Sleeping 0.2s
2025-10-31 19:12:17,488 [INFO] Sleeping 0.2s
2025-10-31 19:12:17,704 [INFO] Sleeping 0.2s
2025-10-31 19:12:17,919 [INFO] Sleeping 0.2s
2025-10-31 19:12:18,147 [INFO] Sleeping 0.2s
2025-10-31 19:12:18,380 [INFO] Sleeping 0.2s
2025-10-31 19:12:18,603 [INFO] Sleeping 0.2s
2025-10-31 19:12:18,821 [INFO] Sleeping 0.2s
2025-10-31 19:12:19,037 [INFO] Sleeping 0.2s
2025-10-31 19:12:19,263 [INFO] Sleeping 0.2s
2025-10-31 19:12:19,484 [INFO] Sleeping 0.2s
2025-10-31 19:12:19,699 [INFO] Sleeping 0.2s
2025-10-31 19:12:19,921 [INFO] Sleeping 0.2s
2025-10-31 19:12:20,142 [INFO] Sleeping 0.2s
2025-10-31 19:12:20,360 [INFO] Sleeping 0.2s
2025-10-31 19:12:20,582 [INFO] Sleeping 0.2s
2025-10-31 19:12:20,796 [INFO] Sleeping 0.2s
2025-10-31 19:12:21,018 [INFO] Sleeping 0.2s
2025-10-31 19:12:21,234 [INFO] Sleeping 0.2s
2025-10-31 19:12:21,452 [INFO] Sleeping 0.2s
2025-10-31 19:12:21,675 [INFO] Sleeping 0.2s
2025-10-31 19:12:21,886 [INFO] Sleeping 0.2s
2025-10-31 19:12:22,110 [INFO] Sleeping 0.2s
2025-10-31 19:12:22,331 [INFO] Sleeping 0.2s
2025-10-31 19:12:22,549 [INFO] Sleeping 0.2s
2025-10-31 19:12:22,778 [INFO] Sleeping 0.2s
2025-10-31 19:12:23,000 [INFO] Sleeping 0.2s
2025-10-31 19:12:23,220 [INFO] Sleeping 0.2s
2025-10-31 19:12:23,442 [INFO] Sleeping 0.2s
2025-10-31 19:12:23,657 [INFO] Sleeping 0.2s
2025-10-31 19:12:23,921 [INFO] Sleeping 0.2s
2025-10-31 19:12:24,140 [INFO] Sleeping 0.2s
2025-10-31 19:12:24,355 [INFO] Sleeping 0.2s
2025-10-31 19:12:24,603 [INFO] Sleeping 0.2s
2025-10-31 19:12:24,856 [INFO] Sleeping 0.2s
2025-10-31 19:12:25,106 [INFO] Sleeping 0.2s
2025-10-31 19:12:25,371 [INFO] Sleeping 0.2s
2025-10-31 19:12:25,598 [INFO] Sleeping 0.2s
2025-10-31 19:12:25,861 [INFO] Sleeping 0.2s
2025-10-31 19:12:26,086 [INFO] Sleeping 0.2s
2025-10-31 19:12:26,308 [INFO] Sleeping 0.2s
2025-10-31 19:12:26,522 [INFO] Sleeping 0.2s
2025-10-31 19:12:26,762 [INFO] Sleeping 0.2s
2025-10-31 19:12:26,985 [INFO] Sleeping 0.2s
2025-10-31 19:12:27,220 [INFO] Sleeping 0.2s
2025-10-31 19:12:27,445 [INFO] Sleeping 0.2s
2025-10-31 19:12:27,673 [INFO] Sleeping 0.2s
2025-10-31 19:12:27,896 [INFO] Sleeping 0.2s
2025-10-31 19:12:28,113 [INFO] Sleeping 0.2s
2025-10-31 19:12:28,338 [INFO] Sleeping 0.2s
2025-10-31 19:12:28,559 [INFO] Sleeping 0.2s
2025-10-31 19:12:28,784 [INFO] Sleeping 0.2s
2025-10-31 19:12:28,998 [INFO] Sleeping 0.2s
2025-10-31 19:12:29,220 [INFO] Sleeping 0.2s
2025-10-31 19:12:29,444 [INFO] Sleeping 0.2s
2025-10-31 19:12:29,660 [INFO] Sleeping 0.2s
2025-10-31 19:12:29,877 [INFO] Sleeping 0.2s
2025-10-31 19:12:30,094 [INFO] Sleeping 0.2s
2025-10-31 19:12:30,306 [INFO] Sleeping 0.2s
2025-10-31 19:12:30,525 [INFO] Sleeping 0.2s
2025-10-31 19:12:30,742 [INFO] Sleeping 0.2s
2025-10-31 19:12:31,002 [INFO] Sleeping 0.2s
2025-10-31 19:12:31,233 [INFO] Sleeping 0.2s
2025-10-31 19:12:31,496 [INFO] Sleeping 0.2s
2025-10-31 19:12:31,749 [INFO] Sleeping 0.2s
2025-10-31 19:12:31,981 [INFO] Sleeping 0.2s
2025-10-31 19:12:32,199 [INFO] Sleeping 0.2s
2025-10-31 19:12:32,449 [INFO] Sleeping 0.2s
2025-10-31 19:13:44,193 [INFO] GET https://www.bps.gub.uy/1944/indicadores-de-la-seguridad-social.html -> 200
2025-10-31 19:13:44,232 [INFO] Página https://www.bps.gub.uy/1944/indicadores-de-la-seguridad-social.html: 8 enlaces PDF/XLS encontrados, 8 válidos
2025-10-31 19:13:44,233 [INFO] Sleeping 2.0s
2025-10-31 19:13:46,372 [INFO] GET https://www.bps.gub.uy/bps/estadisticas/cuadro.jsp?cuadro=2 -> 200
2025-10-31 19:13:46,428 [INFO] Página https://www.bps.gub.uy/bps/estadisticas/cuadro.jsp?cuadro=2: 1 enlaces PDF/XLS encontrados, 1 válidos
2025-10-31 19:13:46,428 [INFO] Sleeping 2.0s
2025-10-31 19:13:49,159 [INFO] GET https://www.bps.gub.uy/bps/observatorio/cuadro.jsp?contentid=12780 -> 200
2025-10-31 19:13:49,344 [INFO] Página https://www.bps.gub.uy/bps/observatorio/cuadro.jsp?contentid=12780: 272 enlaces PDF/XLS encontrados, 272 válidos
2025-10-31 19:13:49,345 [INFO] Sleeping 2.0s
2025-10-31 19:13:51,348 [INFO] Reduciendo probes de 281 a 200 para ser amables.
2025-10-31 19:13:51,362 [INFO] Sleeping 0.2s
2025-10-31 19:13:51,579 [INFO] Sleeping 0.2s
2025-10-31 19:13:51,803 [INFO] Sleeping 0.2s
2025-10-31 19:13:52,032 [INFO] Sleeping 0.2s
2025-10-31 19:13:52,243 [INFO] Sleeping 0.2s
2025-10-31 19:13:52,454 [INFO] Sleeping 0.2s
2025-10-31 19:13:52,725 [INFO] Sleeping 0.2s
2025-10-31 19:13:52,956 [INFO] Sleeping 0.2s
2025-10-31 19:13:53,271 [INFO] Sleeping 0.2s
2025-10-31 19:13:53,493 [INFO] Sleeping 0.2s
2025-10-31 19:13:53,714 [INFO] Sleeping 0.2s
2025-10-31 19:13:53,922 [INFO] Sleeping 0.2s
2025-10-31 19:13:54,143 [INFO] Sleeping 0.2s
2025-10-31 19:13:54,372 [INFO] Sleeping 0.2s
2025-10-31 19:13:54,590 [INFO] Sleeping 0.2s
2025-10-31 19:13:54,804 [INFO] Sleeping 0.2s
2025-10-31 19:13:55,017 [INFO] Sleeping 0.2s
2025-10-31 19:13:55,229 [INFO] Sleeping 0.2s
2025-10-31 19:13:55,444 [INFO] Sleeping 0.2s
2025-10-31 19:13:55,666 [INFO] Sleeping 0.2s
2025-10-31 19:13:55,880 [INFO] Sleeping 0.2s
2025-10-31 19:13:56,093 [INFO] Sleeping 0.2s
2025-10-31 19:13:56,305 [INFO] Sleeping 0.2s
2025-10-31 19:13:56,523 [INFO] Sleeping 0.2s
2025-10-31 19:13:56,747 [INFO] Sleeping 0.2s
2025-10-31 19:13:56,965 [INFO] Sleeping 0.2s
2025-10-31 19:13:57,173 [INFO] Sleeping 0.2s
2025-10-31 19:13:57,405 [INFO] Sleeping 0.2s
2025-10-31 19:13:57,622 [INFO] Sleeping 0.2s
2025-10-31 19:13:57,835 [INFO] Sleeping 0.2s
2025-10-31 19:13:58,046 [INFO] Sleeping 0.2s
2025-10-31 19:13:58,290 [INFO] Sleeping 0.2s
2025-10-31 19:13:58,510 [INFO] Sleeping 0.2s
2025-10-31 19:13:58,722 [INFO] Sleeping 0.2s
2025-10-31 19:13:58,951 [INFO] Sleeping 0.2s
2025-10-31 19:13:59,176 [INFO] Sleeping 0.2s
2025-10-31 19:13:59,394 [INFO] Sleeping 0.2s
2025-10-31 19:13:59,615 [INFO] Sleeping 0.2s
2025-10-31 19:13:59,837 [INFO] Sleeping 0.2s
2025-10-31 19:14:00,063 [INFO] Sleeping 0.2s
2025-10-31 19:14:00,285 [INFO] Sleeping 0.2s
2025-10-31 19:14:00,505 [INFO] Sleeping 0.2s
2025-10-31 19:14:00,723 [INFO] Sleeping 0.2s
2025-10-31 19:14:00,933 [INFO] Sleeping 0.2s
2025-10-31 19:14:01,149 [INFO] Sleeping 0.2s
2025-10-31 19:14:01,407 [INFO] Sleeping 0.2s
2025-10-31 19:14:01,631 [INFO] Sleeping 0.2s
2025-10-31 19:14:01,873 [INFO] Sleeping 0.2s
2025-10-31 19:14:02,097 [INFO] Sleeping 0.2s
2025-10-31 19:14:02,316 [INFO] Sleeping 0.2s
2025-10-31 19:14:02,536 [INFO] Sleeping 0.2s
2025-10-31 19:14:02,752 [INFO] Sleeping 0.2s
2025-10-31 19:14:02,960 [INFO] Sleeping 0.2s
2025-10-31 19:14:03,187 [INFO] Sleeping 0.2s
2025-10-31 19:14:03,400 [INFO] Sleeping 0.2s
2025-10-31 19:14:03,611 [INFO] Sleeping 0.2s
2025-10-31 19:14:03,822 [INFO] Sleeping 0.2s
2025-10-31 19:14:04,035 [INFO] Sleeping 0.2s
2025-10-31 19:14:04,278 [INFO] Sleeping 0.2s
2025-10-31 19:14:04,497 [INFO] Sleeping 0.2s
2025-10-31 19:14:04,719 [INFO] Sleeping 0.2s
2025-10-31 19:14:04,938 [INFO] Sleeping 0.2s
2025-10-31 19:14:05,151 [INFO] Sleeping 0.2s
2025-10-31 19:14:05,378 [INFO] Sleeping 0.2s
2025-10-31 19:14:05,599 [INFO] Sleeping 0.2s
2025-10-31 19:14:05,817 [INFO] Sleeping 0.2s
2025-10-31 19:14:06,041 [INFO] Sleeping 0.2s
2025-10-31 19:14:06,254 [INFO] Sleeping 0.2s
2025-10-31 19:14:06,469 [INFO] Sleeping 0.2s
2025-10-31 19:14:06,687 [INFO] Sleeping 0.2s
2025-10-31 19:14:06,948 [INFO] Sleeping 0.2s
2025-10-31 19:14:07,182 [INFO] Sleeping 0.2s
2025-10-31 19:14:07,418 [INFO] Sleeping 0.2s
2025-10-31 19:14:07,645 [INFO] Sleeping 0.2s
2025-10-31 19:14:07,864 [INFO] Sleeping 0.2s
2025-10-31 19:14:08,083 [INFO] Sleeping 0.2s
2025-10-31 19:14:08,293 [INFO] Sleeping 0.2s
2025-10-31 19:14:08,502 [INFO] Sleeping 0.2s
2025-10-31 19:14:08,836 [INFO] Sleeping 0.2s
2025-10-31 19:14:09,063 [INFO] Sleeping 0.2s
2025-10-31 19:14:09,276 [INFO] Sleeping 0.2s
2025-10-31 19:14:09,497 [INFO] Sleeping 0.2s
2025-10-31 19:14:09,711 [INFO] Sleeping 0.2s
2025-10-31 19:14:09,920 [INFO] Sleeping 0.2s
2025-10-31 19:14:10,136 [INFO] Sleeping 0.2s
2025-10-31 19:14:10,354 [INFO] Sleeping 0.2s
2025-10-31 19:14:10,587 [INFO] Sleeping 0.2s
2025-10-31 19:14:10,802 [INFO] Sleeping 0.2s
2025-10-31 19:14:11,016 [INFO] Sleeping 0.2s
2025-10-31 19:14:11,227 [INFO] Sleeping 0.2s
2025-10-31 19:14:11,439 [INFO] Sleeping 0.2s
2025-10-31 19:14:11,658 [INFO] Sleeping 0.2s
2025-10-31 19:14:11,867 [INFO] Sleeping 0.2s
2025-10-31 19:14:12,084 [INFO] Sleeping 0.2s
2025-10-31 19:14:12,310 [INFO] Sleeping 0.2s
2025-10-31 19:14:12,531 [INFO] Sleeping 0.2s
2025-10-31 19:14:12,747 [INFO] Sleeping 0.2s
2025-10-31 19:14:12,966 [INFO] Sleeping 0.2s
2025-10-31 19:14:13,212 [INFO] Sleeping 0.2s
2025-10-31 19:14:13,430 [INFO] Sleeping 0.2s
2025-10-31 19:14:13,645 [INFO] Sleeping 0.2s
2025-10-31 19:14:13,860 [INFO] Sleeping 0.2s
2025-10-31 19:14:14,075 [INFO] Sleeping 0.2s
2025-10-31 19:14:14,285 [INFO] Sleeping 0.2s
2025-10-31 19:14:14,600 [INFO] Sleeping 0.2s
2025-10-31 19:14:14,853 [INFO] Sleeping 0.2s
2025-10-31 19:14:15,121 [INFO] Sleeping 0.2s
2025-10-31 19:14:15,403 [INFO] Sleeping 0.2s
2025-10-31 19:14:15,628 [INFO] Sleeping 0.2s
2025-10-31 19:14:15,851 [INFO] Sleeping 0.2s
2025-10-31 19:14:16,113 [INFO] Sleeping 0.2s
2025-10-31 19:14:16,354 [INFO] Sleeping 0.2s
2025-10-31 19:14:16,574 [INFO] Sleeping 0.2s
2025-10-31 19:14:16,798 [INFO] Sleeping 0.2s
2025-10-31 19:14:17,010 [INFO] Sleeping 0.2s
2025-10-31 19:14:17,228 [INFO] Sleeping 0.2s
2025-10-31 19:14:17,452 [INFO] Sleeping 0.2s
2025-10-31 19:14:17,662 [INFO] Sleeping 0.2s
2025-10-31 19:14:17,874 [INFO] Sleeping 0.2s
2025-10-31 19:14:18,090 [INFO] Sleeping 0.2s
2025-10-31 19:14:18,310 [INFO] Sleeping 0.2s
2025-10-31 19:14:18,530 [INFO] Sleeping 0.2s
2025-10-31 19:14:18,759 [INFO] Sleeping 0.2s
2025-10-31 19:14:18,979 [INFO] Sleeping 0.2s
2025-10-31 19:14:19,191 [INFO] Sleeping 0.2s
2025-10-31 19:14:19,427 [INFO] Sleeping 0.2s
2025-10-31 19:14:19,645 [INFO] Sleeping 0.2s
2025-10-31 19:14:19,858 [INFO] Sleeping 0.2s
2025-10-31 19:14:20,079 [INFO] Sleeping 0.2s
2025-10-31 19:14:20,290 [INFO] Sleeping 0.2s
2025-10-31 19:14:20,505 [INFO] Sleeping 0.2s
2025-10-31 19:14:20,727 [INFO] Sleeping 0.2s
2025-10-31 19:14:20,949 [INFO] Sleeping 0.2s
2025-10-31 19:14:21,166 [INFO] Sleeping 0.2s
2025-10-31 19:14:21,385 [INFO] Sleeping 0.2s
2025-10-31 19:14:21,595 [INFO] Sleeping 0.2s
2025-10-31 19:14:21,812 [INFO] Sleeping 0.2s
2025-10-31 19:14:22,024 [INFO] Sleeping 0.2s
2025-10-31 19:14:22,346 [INFO] Sleeping 0.2s
2025-10-31 19:14:22,616 [INFO] Sleeping 0.2s
2025-10-31 19:14:22,846 [INFO] Sleeping 0.2s
2025-10-31 19:14:23,167 [INFO] Sleeping 0.2s
2025-10-31 19:14:23,392 [INFO] Sleeping 0.2s
2025-10-31 19:14:23,605 [INFO] Sleeping 0.2s
2025-10-31 19:14:23,818 [INFO] Sleeping 0.2s
2025-10-31 19:14:24,034 [INFO] Sleeping 0.2s
2025-10-31 19:14:24,256 [INFO] Sleeping 0.2s
2025-10-31 19:14:24,479 [INFO] Sleeping 0.2s
2025-10-31 19:14:24,696 [INFO] Sleeping 0.2s
2025-10-31 19:14:24,907 [INFO] Sleeping 0.2s
2025-10-31 19:14:25,123 [INFO] Sleeping 0.2s
2025-10-31 19:14:25,337 [INFO] Sleeping 0.2s
2025-10-31 19:14:25,557 [INFO] Sleeping 0.2s
2025-10-31 19:14:25,773 [INFO] Sleeping 0.2s
2025-10-31 19:14:25,987 [INFO] Sleeping 0.2s
2025-10-31 19:14:26,215 [INFO] Sleeping 0.2s
2025-10-31 19:14:26,435 [INFO] Sleeping 0.2s
2025-10-31 19:14:26,650 [INFO] Sleeping 0.2s
2025-10-31 19:14:26,870 [INFO] Sleeping 0.2s
2025-10-31 19:14:27,086 [INFO] Sleeping 0.2s
2025-10-31 19:14:27,302 [INFO] Sleeping 0.2s
2025-10-31 19:14:27,515 [INFO] Sleeping 0.2s
2025-10-31 19:14:27,732 [INFO] Sleeping 0.2s
2025-10-31 19:14:27,944 [INFO] Sleeping 0.2s
2025-10-31 19:14:28,163 [INFO] Sleeping 0.2s
2025-10-31 19:14:28,380 [INFO] Sleeping 0.2s
2025-10-31 19:14:28,598 [INFO] Sleeping 0.2s
2025-10-31 19:14:28,857 [INFO] Sleeping 0.2s
2025-10-31 19:14:29,075 [INFO] Sleeping 0.2s
2025-10-31 19:14:29,285 [INFO] Sleeping 0.2s
2025-10-31 19:14:29,506 [INFO] Sleeping 0.2s
2025-10-31 19:14:29,727 [INFO] Sleeping 0.2s
2025-10-31 19:14:30,006 [INFO] Sleeping 0.2s
2025-10-31 19:14:30,220 [INFO] Sleeping 0.2s
2025-10-31 19:14:30,437 [INFO] Sleeping 0.2s
2025-10-31 19:14:30,748 [INFO] Sleeping 0.2s
2025-10-31 19:14:30,970 [INFO] Sleeping 0.2s
2025-10-31 19:14:31,187 [INFO] Sleeping 0.2s
2025-10-31 19:14:31,404 [INFO] Sleeping 0.2s
2025-10-31 19:14:31,623 [INFO] Sleeping 0.2s
2025-10-31 19:14:31,835 [INFO] Sleeping 0.2s
2025-10-31 19:14:32,049 [INFO] Sleeping 0.2s
2025-10-31 19:14:32,268 [INFO] Sleeping 0.2s
2025-10-31 19:14:32,476 [INFO] Sleeping 0.2s
2025-10-31 19:14:32,706 [INFO] Sleeping 0.2s
2025-10-31 19:14:32,914 [INFO] Sleeping 0.2s
2025-10-31 19:14:33,131 [INFO] Sleeping 0.2s
2025-10-31 19:14:33,344 [INFO] Sleeping 0.2s
2025-10-31 19:14:33,575 [INFO] Sleeping 0.2s
2025-10-31 19:14:33,796 [INFO] Sleeping 0.2s
2025-10-31 19:14:34,033 [INFO] Sleeping 0.2s
2025-10-31 19:14:34,262 [INFO] Sleeping 0.2s
2025-10-31 19:14:34,496 [INFO] Escribí 273 filas en dataset/indicadores_index.csv
2025-10-31 19:16:46,464 [INFO] GET https://www.bps.gub.uy/1944/indicadores-de-la-seguridad-social.html -> 200
2025-10-31 19:16:46,556 [INFO] Página https://www.bps.gub.uy/1944/indicadores-de-la-seguridad-social.html: 8 enlaces PDF/XLS encontrados, 8 válidos
2025-10-31 19:16:46,556 [INFO] Sleeping 2.0s
2025-10-31 19:16:48,688 [INFO] GET https://www.bps.gub.uy/bps/estadisticas/cuadro.jsp?cuadro=2 -> 200
2025-10-31 19:16:48,726 [INFO] Página https://www.bps.gub.uy/bps/estadisticas/cuadro.jsp?cuadro=2: 1 enlaces PDF/XLS encontrados, 1 válidos
2025-10-31 19:16:48,726 [INFO] Sleeping 2.0s
2025-10-31 19:16:51,582 [INFO] GET https://www.bps.gub.uy/bps/observatorio/cuadro.jsp?contentid=12780 -> 200
2025-10-31 19:16:51,741 [INFO] Página https://www.bps.gub.uy/bps/observatorio/cuadro.jsp?contentid=12780: 272 enlaces PDF/XLS encontrados, 272 válidos
2025-10-31 19:16:51,743 [INFO] Sleeping 2.0s
2025-10-31 19:16:53,744 [INFO] Reduciendo probes de 281 a 200 para ser amables.
2025-10-31 19:16:53,756 [INFO] Sleeping 0.2s
2025-10-31 19:16:53,970 [INFO] Sleeping 0.2s
2025-10-31 19:16:54,193 [INFO] Sleeping 0.2s
2025-10-31 19:16:54,411 [INFO] Sleeping 0.2s
2025-10-31 19:16:54,670 [INFO] Sleeping 0.2s
2025-10-31 19:16:54,885 [INFO] Sleeping 0.2s
2025-10-31 19:16:55,128 [INFO] Sleeping 0.2s
2025-10-31 19:16:55,350 [INFO] Sleeping 0.2s
2025-10-31 19:16:55,568 [INFO] Sleeping 0.2s
2025-10-31 19:16:55,798 [INFO] Sleeping 0.2s
2025-10-31 19:16:56,018 [INFO] Sleeping 0.2s
2025-10-31 19:16:56,242 [INFO] Sleeping 0.2s
2025-10-31 19:16:56,458 [INFO] Sleeping 0.2s
2025-10-31 19:16:56,691 [INFO] Sleeping 0.2s
2025-10-31 19:16:56,913 [INFO] Sleeping 0.2s
2025-10-31 19:16:57,192 [INFO] Sleeping 0.2s
2025-10-31 19:16:57,462 [INFO] Sleeping 0.2s
2025-10-31 19:16:57,673 [INFO] Sleeping 0.2s
2025-10-31 19:16:57,899 [INFO] Sleeping 0.2s
2025-10-31 19:16:58,209 [INFO] Sleeping 0.2s
2025-10-31 19:16:58,422 [INFO] Sleeping 0.2s
2025-10-31 19:16:58,642 [INFO] Sleeping 0.2s
2025-10-31 19:16:58,866 [INFO] Sleeping 0.2s
2025-10-31 19:16:59,088 [INFO] Sleeping 0.2s
2025-10-31 19:16:59,305 [INFO] Sleeping 0.2s
2025-10-31 19:16:59,525 [INFO] Sleeping 0.2s
2025-10-31 19:16:59,738 [INFO] Sleeping 0.2s
2025-10-31 19:16:59,949 [INFO] Sleeping 0.2s
2025-10-31 19:17:00,172 [INFO] Sleeping 0.2s
2025-10-31 19:17:00,392 [INFO] Sleeping 0.2s
2025-10-31 19:17:00,609 [INFO] Sleeping 0.2s
2025-10-31 19:17:00,822 [INFO] Sleeping 0.2s
2025-10-31 19:17:01,048 [INFO] Sleeping 0.2s
2025-10-31 19:17:01,267 [INFO] Sleeping 0.2s
2025-10-31 19:17:01,487 [INFO] Sleeping 0.2s
2025-10-31 19:17:01,712 [INFO] Sleeping 0.2s
2025-10-31 19:17:01,930 [INFO] Sleeping 0.2s
2025-10-31 19:17:02,150 [INFO] Sleeping 0.2s
2025-10-31 19:17:02,371 [INFO] Sleeping 0.2s
2025-10-31 19:17:02,587 [INFO] Sleeping 0.2s
2025-10-31 19:17:02,803 [INFO] Sleeping 0.2s
2025-10-31 19:17:03,018 [INFO] Sleeping 0.2s
2025-10-31 19:17:03,233 [INFO] Sleeping 0.2s
2025-10-31 19:17:03,447 [INFO] Sleeping 0.2s
2025-10-31 19:17:03,663 [INFO] Sleeping 0.2s
2025-10-31 19:17:03,878 [INFO] Sleeping 0.2s
2025-10-31 19:17:04,111 [INFO] Sleeping 0.2s
2025-10-31 19:17:04,325 [INFO] Sleeping 0.2s
2025-10-31 19:17:04,540 [INFO] Sleeping 0.2s
2025-10-31 19:17:04,757 [INFO] Sleeping 0.2s
2025-10-31 19:17:04,979 [INFO] Sleeping 0.2s
2025-10-31 19:17:05,241 [INFO] Sleeping 0.2s
2025-10-31 19:17:05,451 [INFO] Sleeping 0.2s
2025-10-31 19:17:05,666 [INFO] Sleeping 0.2s
2025-10-31 19:17:05,893 [INFO] Sleeping 0.2s
2025-10-31 19:17:06,107 [INFO] Sleeping 0.2s
2025-10-31 19:17:06,326 [INFO] Sleeping 0.2s
2025-10-31 19:17:06,559 [INFO] Sleeping 0.2s
2025-10-31 19:17:06,780 [INFO] Sleeping 0.2s
2025-10-31 19:17:07,038 [INFO] Sleeping 0.2s
2025-10-31 19:17:07,252 [INFO] Sleeping 0.2s
2025-10-31 19:17:07,473 [INFO] Sleeping 0.2s
2025-10-31 19:17:07,698 [INFO] Sleeping 0.2s
2025-10-31 19:17:07,914 [INFO] Sleeping 0.2s
2025-10-31 19:17:08,137 [INFO] Sleeping 0.2s
2025-10-31 19:17:08,354 [INFO] Sleeping 0.2s
2025-10-31 19:17:08,607 [INFO] Sleeping 0.2s
2025-10-31 19:17:08,824 [INFO] Sleeping 0.2s
2025-10-31 19:17:09,053 [INFO] Sleeping 0.2s
2025-10-31 19:17:09,277 [INFO] Sleeping 0.2s
2025-10-31 19:17:09,506 [INFO] Sleeping 0.2s
2025-10-31 19:17:09,728 [INFO] Sleeping 0.2s
2025-10-31 19:17:09,942 [INFO] Sleeping 0.2s
2025-10-31 19:17:10,157 [INFO] Sleeping 0.2s
2025-10-31 19:17:10,373 [INFO] Sleeping 0.2s
2025-10-31 19:17:10,598 [INFO] Sleeping 0.2s
2025-10-31 19:17:10,816 [INFO] Sleeping 0.2s
2025-10-31 19:17:11,034 [INFO] Sleeping 0.2s
2025-10-31 19:17:11,254 [INFO] Sleeping 0.2s
2025-10-31 19:17:11,469 [INFO] Sleeping 0.2s
2025-10-31 19:17:11,683 [INFO] Sleeping 0.2s
2025-10-31 19:17:11,939 [INFO] Sleeping 0.2s
2025-10-31 19:17:12,215 [INFO] Sleeping 0.2s
2025-10-31 19:17:12,482 [INFO] Sleeping 0.2s
2025-10-31 19:17:12,711 [INFO] Sleeping 0.2s
2025-10-31 19:17:12,961 [INFO] Sleeping 0.2s
2025-10-31 19:17:13,188 [INFO] Sleeping 0.2s
2025-10-31 19:17:13,405 [INFO] Sleeping 0.2s
2025-10-31 19:17:13,615 [INFO] Sleeping 0.2s
2025-10-31 19:17:13,835 [INFO] Sleeping 0.2s
2025-10-31 19:17:14,051 [INFO] Sleeping 0.2s
2025-10-31 19:17:14,381 [INFO] Sleeping 0.2s
2025-10-31 19:17:14,595 [INFO] Sleeping 0.2s
2025-10-31 19:17:14,815 [INFO] Sleeping 0.2s
2025-10-31 19:17:15,033 [INFO] Sleeping 0.2s
2025-10-31 19:17:15,251 [INFO] Sleeping 0.2s
2025-10-31 19:17:15,468 [INFO] Sleeping 0.2s
2025-10-31 19:17:15,683 [INFO] Sleeping 0.2s
2025-10-31 19:17:15,967 [INFO] Sleeping 0.2s
2025-10-31 19:17:16,184 [INFO] Sleeping 0.2s
2025-10-31 19:17:16,415 [INFO] Sleeping 0.2s
2025-10-31 19:17:16,641 [INFO] Sleeping 0.2s
2025-10-31 19:17:16,862 [INFO] Sleeping 0.2s
2025-10-31 19:17:17,087 [INFO] Sleeping 0.2s
2025-10-31 19:17:17,306 [INFO] Sleeping 0.2s
2025-10-31 19:17:17,527 [INFO] Sleeping 0.2s
2025-10-31 19:17:17,744 [INFO] Sleeping 0.2s
2025-10-31 19:17:17,956 [INFO] Sleeping 0.2s
2025-10-31 19:17:18,173 [INFO] Sleeping 0.2s
2025-10-31 19:17:18,412 [INFO] Sleeping 0.2s
2025-10-31 19:17:18,635 [INFO] Sleeping 0.2s
2025-10-31 19:17:18,850 [INFO] Sleeping 0.2s
2025-10-31 19:17:19,072 [INFO] Sleeping 0.2s
2025-10-31 19:17:19,304 [INFO] Sleeping 0.2s
2025-10-31 19:17:19,516 [INFO] Sleeping 0.2s
2025-10-31 19:17:19,734 [INFO] Sleeping 0.2s
2025-10-31 19:17:19,991 [INFO] Sleeping 0.2s
2025-10-31 19:17:20,267 [INFO] Sleeping 0.2s
2025-10-31 19:17:20,587 [INFO] Sleeping 0.2s
2025-10-31 19:17:20,804 [INFO] Sleeping 0.2s
2025-10-31 19:17:21,140 [INFO] Sleeping 0.2s
2025-10-31 19:17:21,357 [INFO] Sleeping 0.2s
2025-10-31 19:17:21,583 [INFO] Sleeping 0.2s
2025-10-31 19:17:21,812 [INFO] Sleeping 0.2s
2025-10-31 19:17:22,027 [INFO] Sleeping 0.2s
2025-10-31 19:17:22,241 [INFO] Sleeping 0.2s
2025-10-31 19:17:22,458 [INFO] Sleeping 0.2s
2025-10-31 19:17:22,787 [INFO] Sleeping 0.2s
2025-10-31 19:17:23,003 [INFO] Sleeping 0.2s
2025-10-31 19:17:23,227 [INFO] Sleeping 0.2s
2025-10-31 19:17:23,448 [INFO] Sleeping 0.2s
2025-10-31 19:17:23,664 [INFO] Sleeping 0.2s
2025-10-31 19:17:23,895 [INFO] Sleeping 0.2s
2025-10-31 19:17:24,114 [INFO] Sleeping 0.2s
2025-10-31 19:17:24,328 [INFO] Sleeping 0.2s
2025-10-31 19:17:24,553 [INFO] Sleeping 0.2s
2025-10-31 19:17:24,774 [INFO] Sleeping 0.2s
2025-10-31 19:17:24,991 [INFO] Sleeping 0.2s
2025-10-31 19:17:25,210 [INFO] Sleeping 0.2s
2025-10-31 19:17:25,422 [INFO] Sleeping 0.2s
2025-10-31 19:17:25,648 [INFO] Sleeping 0.2s
2025-10-31 19:17:25,871 [INFO] Sleeping 0.2s
2025-10-31 19:17:26,096 [INFO] Sleeping 0.2s
2025-10-31 19:17:26,324 [INFO] Sleeping 0.2s
2025-10-31 19:17:26,544 [INFO] Sleeping 0.2s
2025-10-31 19:17:26,760 [INFO] Sleeping 0.2s
2025-10-31 19:17:27,089 [INFO] Sleeping 0.2s
2025-10-31 19:17:27,361 [INFO] Sleeping 0.2s
2025-10-31 19:17:27,576 [INFO] Sleeping 0.2s
2025-10-31 19:17:27,809 [INFO] Sleeping 0.2s
2025-10-31 19:17:28,113 [INFO] Sleeping 0.2s
2025-10-31 19:17:28,327 [INFO] Sleeping 0.2s
2025-10-31 19:17:28,545 [INFO] Sleeping 0.2s
2025-10-31 19:17:28,767 [INFO] Sleeping 0.2s
2025-10-31 19:17:28,991 [INFO] Sleeping 0.2s
2025-10-31 19:17:29,204 [INFO] Sleeping 0.2s
2025-10-31 19:17:29,426 [INFO] Sleeping 0.2s
2025-10-31 19:17:29,643 [INFO] Sleeping 0.2s
2025-10-31 19:17:29,859 [INFO] Sleeping 0.2s
2025-10-31 19:17:30,076 [INFO] Sleeping 0.2s
2025-10-31 19:17:30,293 [INFO] Sleeping 0.2s
2025-10-31 19:17:30,514 [INFO] Sleeping 0.2s
2025-10-31 19:17:30,736 [INFO] Sleeping 0.2s
2025-10-31 19:17:30,956 [INFO] Sleeping 0.2s
2025-10-31 19:17:31,170 [INFO] Sleeping 0.2s
2025-10-31 19:17:31,413 [INFO] Sleeping 0.2s
2025-10-31 19:17:31,632 [INFO] Sleeping 0.2s
2025-10-31 19:17:31,846 [INFO] Sleeping 0.2s
2025-10-31 19:17:32,081 [INFO] Sleeping 0.2s
2025-10-31 19:17:32,308 [INFO] Sleeping 0.2s
2025-10-31 19:17:32,523 [INFO] Sleeping 0.2s
2025-10-31 19:17:32,737 [INFO] Sleeping 0.2s
2025-10-31 19:17:32,954 [INFO] Sleeping 0.2s
2025-10-31 19:17:33,176 [INFO] Sleeping 0.2s
2025-10-31 19:17:33,391 [INFO] Sleeping 0.2s
2025-10-31 19:17:33,610 [INFO] Sleeping 0.2s
2025-10-31 19:17:33,826 [INFO] Sleeping 0.2s
2025-10-31 19:17:34,039 [INFO] Sleeping 0.2s
2025-10-31 19:17:34,263 [INFO] Sleeping 0.2s
2025-10-31 19:17:34,482 [INFO] Sleeping 0.2s
2025-10-31 19:17:34,741 [INFO] Sleeping 0.2s
2025-10-31 19:17:35,010 [INFO] Sleeping 0.2s
2025-10-31 19:17:35,233 [INFO] Sleeping 0.2s
2025-10-31 19:17:35,486 [INFO] Sleeping 0.2s
2025-10-31 19:17:35,728 [INFO] Sleeping 0.2s
2025-10-31 19:17:35,947 [INFO] Sleeping 0.2s
2025-10-31 19:17:36,159 [INFO] Sleeping 0.2s
2025-10-31 19:17:36,378 [INFO] Sleeping 0.2s
2025-10-31 19:17:36,592 [INFO] Sleeping 0.2s
2025-10-31 19:17:36,808 [INFO] Sleeping 0.2s
2025-10-31 19:17:37,026 [INFO] Sleeping 0.2s
2025-10-31 19:17:37,238 [INFO] Sleeping 0.2s
2025-10-31 19:17:37,485 [INFO] Escribí 273 filas en dataset/indicadores_index.csv
2025-11-05 18:15:56,933 [INFO] GET https://www.bps.gub.uy/1944/indicadores-de-la-seguridad-social.html -> 200
2025-11-05 18:15:56,975 [INFO] Página https://www.bps.gub.uy/1944/indicadores-de-la-seguridad-social.html: 8 enlaces PDF/XLS encontrados, 8 válidos
2025-11-05 18:15:56,975 [INFO] Sleeping 2.0s
2025-11-05 18:15:59,786 [INFO] GET https://www.bps.gub.uy/bps/observatorio/cuadro.jsp?contentid=12780 -> 200
2025-11-05 18:15:59,888 [INFO] Página https://www.bps.gub.uy/bps/observatorio/cuadro.jsp?contentid=12780: 272 enlaces PDF/XLS encontrados, 272 válidos
2025-11-05 18:15:59,888 [INFO] Sleeping 2.0s
2025-11-05 18:16:01,889 [INFO] Reduciendo probes de 280 a 200 para ser amables.
2025-11-05 18:16:01,909 [INFO] Sleeping 0.2s
2025-11-05 18:16:02,235 [INFO] Sleeping 0.2s
2025-11-05 18:16:02,452 [INFO] Sleeping 0.2s
2025-11-05 18:16:02,670 [INFO] Sleeping 0.2s
2025-11-05 18:16:02,889 [INFO] Sleeping 0.2s
2025-11-05 18:16:03,107 [INFO] Sleeping 0.2s
2025-11-05 18:16:03,321 [INFO] Sleeping 0.2s
2025-11-05 18:16:03,538 [INFO] Sleeping 0.2s
2025-11-05 18:16:03,874 [INFO] Sleeping 0.2s
2025-11-05 18:16:04,091 [INFO] Sleeping 0.2s
2025-11-05 18:16:04,309 [INFO] Sleeping 0.2s
2025-11-05 18:16:04,537 [INFO] Sleeping 0.2s
2025-11-05 18:16:04,756 [INFO] Sleeping 0.2s
2025-11-05 18:16:04,976 [INFO] Sleeping 0.2s
2025-11-05 18:16:05,194 [INFO] Sleeping 0.2s
2025-11-05 18:16:05,408 [INFO] Sleeping 0.2s
2025-11-05 18:16:05,621 [INFO] Sleeping 0.2s
2025-11-05 18:16:05,832 [INFO] Sleeping 0.2s
2025-11-05 18:16:06,045 [INFO] Sleeping 0.2s
2025-11-05 18:16:06,254 [INFO] Sleeping 0.2s
2025-11-05 18:16:06,466 [INFO] Sleeping 0.2s
2025-11-05 18:16:06,678 [INFO] Sleeping 0.2s
2025-11-05 18:16:06,889 [INFO] Sleeping 0.2s
2025-11-05 18:16:07,103 [INFO] Sleeping 0.2s
2025-11-05 18:16:07,314 [INFO] Sleeping 0.2s
2025-11-05 18:16:07,525 [INFO] Sleeping 0.2s
2025-11-05 18:16:07,744 [INFO] Sleeping 0.2s
2025-11-05 18:16:07,962 [INFO] Sleeping 0.2s
2025-11-05 18:16:08,181 [INFO] Sleeping 0.2s
2025-11-05 18:16:08,393 [INFO] Sleeping 0.2s
2025-11-05 18:16:08,607 [INFO] Sleeping 0.2s
2025-11-05 18:16:08,817 [INFO] Sleeping 0.2s
2025-11-05 18:16:09,030 [INFO] Sleeping 0.2s
2025-11-05 18:16:09,248 [INFO] Sleeping 0.2s
2025-11-05 18:16:09,470 [INFO] Sleeping 0.2s
2025-11-05 18:16:09,687 [INFO] Sleeping 0.2s
2025-11-05 18:16:10,101 [INFO] Sleeping 0.2s
2025-11-05 18:16:10,313 [INFO] Sleeping 0.2s
2025-11-05 18:16:10,568 [INFO] Sleeping 0.2s
2025-11-05 18:16:10,826 [INFO] Sleeping 0.2s
2025-11-05 18:16:11,055 [INFO] Sleeping 0.2s
2025-11-05 18:16:11,273 [INFO] Sleeping 0.2s
2025-11-05 18:16:11,492 [INFO] Sleeping 0.2s
2025-11-05 18:16:11,708 [INFO] Sleeping 0.2s
2025-11-05 18:16:11,928 [INFO] Sleeping 0.2s
2025-11-05 18:16:12,147 [INFO] Sleeping 0.2s
2025-11-05 18:16:12,360 [INFO] Sleeping 0.2s
2025-11-05 18:16:12,573 [INFO] Sleeping 0.2s
2025-11-05 18:16:12,788 [INFO] Sleeping 0.2s
2025-11-05 18:16:13,002 [INFO] Sleeping 0.2s
2025-11-05 18:16:13,219 [INFO] Sleeping 0.2s
2025-11-05 18:16:13,435 [INFO] Sleeping 0.2s
2025-11-05 18:16:13,650 [INFO] Sleeping 0.2s
2025-11-05 18:16:13,864 [INFO] Sleeping 0.2s
2025-11-05 18:16:14,075 [INFO] Sleeping 0.2s
2025-11-05 18:16:14,287 [INFO] Sleeping 0.2s
2025-11-05 18:16:14,503 [INFO] Sleeping 0.2s
2025-11-05 18:16:14,719 [INFO] Sleeping 0.2s
2025-11-05 18:16:14,937 [INFO] Sleeping 0.2s
2025-11-05 18:16:15,151 [INFO] Sleeping 0.2s
2025-11-05 18:16:15,369 [INFO] Sleeping 0.2s
2025-11-05 18:16:15,585 [INFO] Sleeping 0.2s
2025-11-05 18:16:15,803 [INFO] Sleeping 0.2s
2025-11-05 18:16:16,059 [INFO] Sleeping 0.2s
2025-11-05 18:16:16,319 [INFO] Sleeping 0.2s
2025-11-05 18:16:16,538 [INFO] Sleeping 0.2s
2025-11-05 18:16:16,787 [INFO] Sleeping 0.2s
2025-11-05 18:16:17,007 [INFO] Sleeping 0.2s
2025-11-05 18:16:17,225 [INFO] Sleeping 0.2s
2025-11-05 18:16:17,443 [INFO] Sleeping 0.2s
2025-11-05 18:16:17,660 [INFO] Sleeping 0.2s
2025-11-05 18:16:17,879 [INFO] Sleeping 0.2s
2025-11-05 18:16:18,099 [INFO] Sleeping 0.2s
2025-11-05 18:16:18,320 [INFO] Sleeping 0.2s
2025-11-05 18:16:18,536 [INFO] Sleeping 0.2s
2025-11-05 18:16:18,753 [INFO] Sleeping 0.2s
2025-11-05 18:16:18,973 [INFO] Sleeping 0.2s
2025-11-05 18:16:19,190 [INFO] Sleeping 0.2s
2025-11-05 18:16:19,410 [INFO] Sleeping 0.2s
2025-11-05 18:16:19,628 [INFO] Sleeping 0.2s
2025-11-05 18:16:19,843 [INFO] Sleeping 0.2s
2025-11-05 18:16:20,060 [INFO] Sleeping 0.2s
2025-11-05 18:16:20,273 [INFO] Sleeping 0.2s
2025-11-05 18:16:20,490 [INFO] Sleeping 0.2s
2025-11-05 18:16:20,709 [INFO] Sleeping 0.2s
2025-11-05 18:16:20,926 [INFO] Sleeping 0.2s
2025-11-05 18:16:21,139 [INFO] Sleeping 0.2s
2025-11-05 18:16:21,354 [INFO] Sleeping 0.2s
2025-11-05 18:16:21,571 [INFO] Sleeping 0.2s
2025-11-05 18:16:21,789 [INFO] Sleeping 0.2s
2025-11-05 18:16:22,005 [INFO] Sleeping 0.2s
2025-11-05 18:16:22,220 [INFO] Sleeping 0.2s
2025-11-05 18:16:22,434 [INFO] Sleeping 0.2s
2025-11-05 18:16:22,644 [INFO] Sleeping 0.2s
2025-11-05 18:16:22,857 [INFO] Sleeping 0.2s
2025-11-05 18:16:23,136 [INFO] Sleeping 0.2s
2025-11-05 18:16:23,392 [INFO] Sleeping 0.2s
2025-11-05 18:16:23,609 [INFO] Sleeping 0.2s
2025-11-05 18:16:23,826 [INFO] Sleeping 0.2s
2025-11-05 18:16:24,059 [INFO] Sleeping 0.2s
2025-11-05 18:16:24,272 [INFO] Sleeping 0.2s
2025-11-05 18:16:24,487 [INFO] Sleeping 0.2s
2025-11-05 18:16:24,704 [INFO] Sleeping 0.2s
2025-11-05 18:16:24,923 [INFO] Sleeping 0.2s
2025-11-05 18:16:25,142 [INFO] Sleeping 0.2s
2025-11-05 18:16:25,363 [INFO] Sleeping 0.2s
2025-11-05 18:16:25,583 [INFO] Sleeping 0.2s
2025-11-05 18:16:25,800 [INFO] Sleeping 0.2s
2025-11-05 18:16:26,013 [INFO] Sleeping 0.2s
2025-11-05 18:16:26,227 [INFO] Sleeping 0.2s
2025-11-05 18:16:26,442 [INFO] Sleeping 0.2s
2025-11-05 18:16:26,656 [INFO] Sleeping 0.2s
2025-11-05 18:16:26,872 [INFO] Sleeping 0.2s
2025-11-05 18:16:27,086 [INFO] Sleeping 0.2s
2025-11-05 18:16:27,308 [INFO] Sleeping 0.2s
2025-11-05 18:16:27,527 [INFO] Sleeping 0.2s
2025-11-05 18:16:27,747 [INFO] Sleeping 0.2s
2025-11-05 18:16:27,965 [INFO] Sleeping 0.2s
2025-11-05 18:16:28,181 [INFO] Sleeping 0.2s
2025-11-05 18:16:28,405 [INFO] Sleeping 0.2s
2025-11-05 18:16:28,624 [INFO] Sleeping 0.2s
2025-11-05 18:16:28,843 [INFO] Sleeping 0.2s
2025-11-05 18:16:29,061 [INFO] Sleeping 0.2s
2025-11-05 18:16:29,278 [INFO] Sleeping 0.2s
2025-11-05 18:16:29,496 [INFO] Sleeping 0.2s
2025-11-05 18:16:29,708 [INFO] Sleeping 0.2s
2025-11-05 18:16:29,921 [INFO] Sleeping 0.2s
2025-11-05 18:16:30,169 [INFO] Sleeping 0.2s
2025-11-05 18:16:30,382 [INFO] Sleeping 0.2s
2025-11-05 18:16:30,610 [INFO] Sleeping 0.2s
2025-11-05 18:16:30,822 [INFO] Sleeping 0.2s
2025-11-05 18:16:31,034 [INFO] Sleeping 0.2s
2025-11-05 18:16:31,248 [INFO] Sleeping 0.2s
2025-11-05 18:16:31,461 [INFO] Sleeping 0.2s
2025-11-05 18:16:31,675 [INFO] Sleeping 0.2s
2025-11-05 18:16:31,908 [INFO] Sleeping 0.2s
2025-11-05 18:16:32,127 [INFO] Sleeping 0.2s
2025-11-05 18:16:32,346 [INFO] Sleeping 0.2s
2025-11-05 18:16:32,562 [INFO] Sleeping 0.2s
2025-11-05 18:16:32,782 [INFO] Sleeping 0.2s
2025-11-05 18:16:33,001 [INFO] Sleeping 0.2s
2025-11-05 18:16:33,219 [INFO] Sleeping 0.2s
2025-11-05 18:16:33,437 [INFO] Sleeping 0.2s
2025-11-05 18:16:33,653 [INFO] Sleeping 0.2s
2025-11-05 18:16:33,869 [INFO] Sleeping 0.2s
2025-11-05 18:16:34,083 [INFO] Sleeping 0.2s
2025-11-05 18:16:34,299 [INFO] Sleeping 0.2s
2025-11-05 18:16:34,518 [INFO] Sleeping 0.2s
2025-11-05 18:16:34,738 [INFO] Sleeping 0.2s
2025-11-05 18:16:34,958 [INFO] Sleeping 0.2s
2025-11-05 18:16:35,178 [INFO] Sleeping 0.2s
2025-11-05 18:16:35,399 [INFO] Sleeping 0.2s
2025-11-05 18:16:35,615 [INFO] Sleeping 0.2s
2025-11-05 18:16:35,836 [INFO] Sleeping 0.2s
2025-11-05 18:16:36,052 [INFO] Sleeping 0.2s
2025-11-05 18:16:36,270 [INFO] Sleeping 0.2s
2025-11-05 18:16:36,489 [INFO] Sleeping 0.2s
2025-11-05 18:16:36,704 [INFO] Sleeping 0.2s
2025-11-05 18:16:36,921 [INFO] Sleeping 0.2s
2025-11-05 18:16:37,142 [INFO] Sleeping 0.2s
2025-11-05 18:16:37,387 [INFO] Sleeping 0.2s
2025-11-05 18:16:37,712 [INFO] Sleeping 0.2s
2025-11-05 18:16:37,925 [INFO] Sleeping 0.2s
2025-11-05 18:16:38,136 [INFO] Sleeping 0.2s
2025-11-05 18:16:38,347 [INFO] Sleeping 0.2s
2025-11-05 18:16:38,561 [INFO] Sleeping 0.2s
2025-11-05 18:16:38,774 [INFO] Sleeping 0.2s
2025-11-05 18:16:39,099 [INFO] Sleeping 0.2s
2025-11-05 18:16:39,314 [INFO] Sleeping 0.2s
2025-11-05 18:16:39,532 [INFO] Sleeping 0.2s
2025-11-05 18:16:39,755 [INFO] Sleeping 0.2s
2025-11-05 18:16:39,977 [INFO] Sleeping 0.2s
2025-11-05 18:16:40,196 [INFO] Sleeping 0.2s
2025-11-05 18:16:40,414 [INFO] Sleeping 0.2s
2025-11-05 18:16:40,631 [INFO] Sleeping 0.2s
2025-11-05 18:16:40,850 [INFO] Sleeping 0.2s
2025-11-05 18:16:41,072 [INFO] Sleeping 0.2s
2025-11-05 18:16:41,289 [INFO] Sleeping 0.2s
2025-11-05 18:16:41,506 [INFO] Sleeping 0.2s
2025-11-05 18:16:41,722 [INFO] Sleeping 0.2s
2025-11-05 18:16:41,943 [INFO] Sleeping 0.2s
2025-11-05 18:16:42,160 [INFO] Sleeping 0.2s
2025-11-05 18:16:42,380 [INFO] Sleeping 0.2s
2025-11-05 18:16:42,599 [INFO] Sleeping 0.2s
2025-11-05 18:16:42,818 [INFO] Sleeping 0.2s
2025-11-05 18:16:43,036 [INFO] Sleeping 0.2s
2025-11-05 18:16:43,251 [INFO] Sleeping 0.2s
2025-11-05 18:16:43,471 [INFO] Sleeping 0.2s
2025-11-05 18:16:43,690 [INFO] Sleeping 0.2s
2025-11-05 18:16:43,911 [INFO] Sleeping 0.2s
2025-11-05 18:16:44,129 [INFO] Sleeping 0.2s
2025-11-05 18:16:44,343 [INFO] Sleeping 0.2s
2025-11-05 18:16:44,552 [INFO] Escribí 272 filas en dataset/indicadores_index.csv
