2025-10-31 07:32:54,013 [INFO] Descargado https://www.bps.gub.uy/bps/file/23307/1/iii_3_subsidio-por-desempleo.xls -> 2138624 bytes
2025-10-31 07:33:17,879 [INFO] Descargado https://www.bps.gub.uy/bps/file/23307/1/iii_3_subsidio-por-desempleo.xls -> 2138624 bytes
2025-10-31 07:33:19,539 [INFO] Descargado https://www.bps.gub.uy/bps/file/23304/1/ii_recaudacion.xls -> 810496 bytes
2025-10-31 07:38:42,580 [INFO] Descargado https://www.bps.gub.uy/bps/file/23307/1/iii_3_subsidio-por-desempleo.xls -> 2138624 bytes
2025-10-31 07:38:44,987 [INFO] Descargado https://www.bps.gub.uy/bps/file/23304/1/ii_recaudacion.xls -> 810496 bytes
2025-10-31 07:42:01,679 [INFO] Descargado https://www.bps.gub.uy/bps/file/23304/1/ii_recaudacion.xls -> 810496 bytes
2025-10-31 07:42:29,738 [INFO] Descargado https://www.bps.gub.uy/bps/file/23304/1/ii_recaudacion.xls -> 810496 bytes
2025-10-31 07:42:45,621 [INFO] Descargado https://www.bps.gub.uy/bps/file/23307/1/iii_3_subsidio-por-desempleo.xls -> 2138624 bytes
2025-10-31 07:42:47,348 [INFO] Descargado https://www.bps.gub.uy/bps/file/23304/1/ii_recaudacion.xls -> 810496 bytes
2025-10-31 07:48:27,673 [INFO] Descargado https://www.bps.gub.uy/bps/file/23307/1/iii_3_subsidio-por-desempleo.xls -> 2138624 bytes
2025-10-31 07:48:29,298 [INFO] Descargado https://www.bps.gub.uy/bps/file/23304/1/ii_recaudacion.xls -> 810496 bytes
2025-10-31 07:51:32,566 [INFO] Descargado https://www.bps.gub.uy/bps/file/23307/1/iii_3_subsidio-por-desempleo.xls -> 2138624 bytes | Content-Type=application/vnd.ms-excel;charset=UTF-8
2025-10-31 07:51:32,567 [INFO] Detección de formato: kind=xls engine=xlrd
2025-10-31 07:51:34,249 [INFO] Descargado https://www.bps.gub.uy/bps/file/23304/1/ii_recaudacion.xls -> 810496 bytes | Content-Type=application/vnd.ms-excel;charset=UTF-8
2025-10-31 07:51:34,250 [INFO] Detección de formato: kind=xls engine=xlrd
2025-10-31 07:54:02,134 [INFO] Descargado https://www.bps.gub.uy/bps/file/23307/1/iii_3_subsidio-por-desempleo.xls -> 2138624 bytes | Content-Type=application/vnd.ms-excel;charset=UTF-8
2025-10-31 07:54:02,134 [INFO] Detección de formato: kind=xls engine=xlrd
2025-10-31 07:54:02,249 [INFO] Intento fallback HTML…
2025-10-31 07:54:02,250 [WARNING] HTML falló: ImportError: Missing optional dependency 'html5lib'.  Use pip or conda to install html5lib.
2025-10-31 07:54:02,250 [INFO] Intento fallback CSV/TSV…
2025-10-31 07:54:03,746 [INFO] Descargado https://www.bps.gub.uy/bps/file/23304/1/ii_recaudacion.xls -> 810496 bytes | Content-Type=application/vnd.ms-excel;charset=UTF-8
2025-10-31 07:54:03,746 [INFO] Detección de formato: kind=xls engine=xlrd
2025-10-31 07:54:03,832 [INFO] Intento fallback HTML…
2025-10-31 07:54:03,833 [WARNING] HTML falló: ImportError: Missing optional dependency 'html5lib'.  Use pip or conda to install html5lib.
2025-10-31 07:54:03,833 [INFO] Intento fallback CSV/TSV…
2025-10-31 08:02:23,261 [INFO] Descargado https://www.bps.gub.uy/bps/file/23307/1/iii_3_subsidio-por-desempleo.xls -> 2138624 bytes | Content-Type=application/vnd.ms-excel;charset=UTF-8
2025-10-31 08:02:23,261 [INFO] Detección de formato: kind=xls engine=xlrd
2025-10-31 08:02:23,711 [INFO] Intento fallback HTML…
2025-10-31 08:02:42,283 [WARNING] HTML falló: no pude parsear tablas con lxml
2025-10-31 08:02:42,283 [INFO] Intento fallback CSV/TSV…
2025-10-31 08:02:44,434 [INFO] Descargado https://www.bps.gub.uy/bps/file/23304/1/ii_recaudacion.xls -> 810496 bytes | Content-Type=application/vnd.ms-excel;charset=UTF-8
2025-10-31 08:02:44,435 [INFO] Detección de formato: kind=xls engine=xlrd
2025-10-31 08:02:44,552 [INFO] Intento fallback HTML…
2025-10-31 08:02:52,796 [WARNING] HTML falló: no pude parsear tablas con lxml
2025-10-31 08:02:52,796 [INFO] Intento fallback CSV/TSV…
2025-10-31 08:06:27,569 [INFO] Descargado https://www.bps.gub.uy/bps/file/23307/1/iii_3_subsidio-por-desempleo.xls -> 2138624 bytes | Content-Type=application/vnd.ms-excel;charset=UTF-8
2025-10-31 08:06:27,570 [INFO] Detección de formato: kind=xls engine=xlrd
2025-10-31 08:06:27,767 [INFO] Intento fallback HTML…
2025-10-31 08:06:47,771 [WARNING] HTML falló: no pude parsear tablas con lxml
2025-10-31 08:06:47,771 [INFO] Intento fallback CSV/TSV…
2025-10-31 08:06:50,067 [INFO] Descargado https://www.bps.gub.uy/bps/file/23304/1/ii_recaudacion.xls -> 810496 bytes | Content-Type=application/vnd.ms-excel;charset=UTF-8
2025-10-31 08:06:50,067 [INFO] Detección de formato: kind=xls engine=xlrd
2025-10-31 08:06:50,240 [INFO] Intento fallback HTML…
2025-10-31 08:06:57,969 [WARNING] HTML falló: no pude parsear tablas con lxml
2025-10-31 08:06:57,969 [INFO] Intento fallback CSV/TSV…
2025-10-31 08:10:40,189 [INFO] Descargado https://www.bps.gub.uy/bps/file/23307/1/iii_3_subsidio-por-desempleo.xls -> 2138624 bytes | Content-Type=application/vnd.ms-excel;charset=UTF-8
2025-10-31 08:10:40,191 [INFO] Detección de formato: kind=xls engine=xlrd
2025-10-31 08:10:40,428 [INFO] Intento fallback xlrd-manual…
2025-10-31 08:10:40,433 [WARNING] xlrd-manual falló: IndexError: list index out of range
2025-10-31 08:10:40,433 [INFO] Intento fallback HTML…
2025-10-31 08:10:58,725 [WARNING] HTML falló: no pude parsear tablas con lxml
2025-10-31 08:10:58,725 [INFO] Intento fallback CSV/TSV…
2025-10-31 08:11:00,843 [INFO] Descargado https://www.bps.gub.uy/bps/file/23304/1/ii_recaudacion.xls -> 810496 bytes | Content-Type=application/vnd.ms-excel;charset=UTF-8
2025-10-31 08:11:00,845 [INFO] Detección de formato: kind=xls engine=xlrd
2025-10-31 08:11:01,016 [INFO] Intento fallback xlrd-manual…
2025-10-31 08:11:01,021 [WARNING] xlrd-manual falló: IndexError: list index out of range
2025-10-31 08:11:01,021 [INFO] Intento fallback HTML…
2025-10-31 08:11:08,850 [WARNING] HTML falló: no pude parsear tablas con lxml
2025-10-31 08:11:08,851 [INFO] Intento fallback CSV/TSV…
2025-10-31 08:15:14,087 [INFO] Descargado https://www.bps.gub.uy/bps/file/23307/1/iii_3_subsidio-por-desempleo.xls -> 2138624 bytes | Content-Type=application/vnd.ms-excel;charset=UTF-8
2025-10-31 08:15:14,089 [INFO] Detección de formato: kind=xls engine=xlrd
2025-10-31 08:15:14,353 [INFO] Intento fallback xlrd-manual…
2025-10-31 08:15:14,361 [INFO] Intento fallback Excel-COM…
2025-10-31 08:15:15,909 [INFO] Intento fallback HTML…
2025-10-31 08:15:34,310 [WARNING] HTML falló: no pude parsear tablas con lxml/html5lib
2025-10-31 08:15:34,310 [INFO] Intento fallback CSV/TSV…
2025-10-31 08:15:36,523 [INFO] Descargado https://www.bps.gub.uy/bps/file/23304/1/ii_recaudacion.xls -> 810496 bytes | Content-Type=application/vnd.ms-excel;charset=UTF-8
2025-10-31 08:15:36,525 [INFO] Detección de formato: kind=xls engine=xlrd
2025-10-31 08:15:36,705 [INFO] Intento fallback xlrd-manual…
2025-10-31 08:15:36,711 [INFO] Intento fallback Excel-COM…
2025-10-31 08:15:42,472 [INFO] Intento fallback HTML…
2025-10-31 08:15:50,301 [WARNING] HTML falló: no pude parsear tablas con lxml/html5lib
2025-10-31 08:15:50,301 [INFO] Intento fallback CSV/TSV…
2025-10-31 08:26:47,591 [INFO] Descargado https://www.bps.gub.uy/bps/file/23304/1/ii_recaudacion.xls -> 810496 bytes | Content-Type=application/vnd.ms-excel;charset=UTF-8
2025-10-31 08:26:47,592 [INFO] Detección de formato: kind=xls engine=xlrd
2025-10-31 08:26:47,763 [INFO] Intento fallback xlrd-manual…
2025-10-31 08:26:47,768 [INFO] Intento fallback Excel-COM…
2025-10-31 08:26:50,013 [INFO] win32com Excel export OK: shape=(87, 1) cols=[';;;;;;;;;;;;;;;']
2025-10-31 08:28:51,423 [INFO] Descargado https://www.bps.gub.uy/bps/file/23307/1/iii_3_subsidio-por-desempleo.xls -> 2138624 bytes | Content-Type=application/vnd.ms-excel;charset=UTF-8
2025-10-31 08:28:51,424 [INFO] Detección de formato: kind=xls engine=xlrd
2025-10-31 08:28:51,551 [INFO] Intento fallback xlrd-manual…
2025-10-31 08:28:51,556 [INFO] Intento fallback Excel-COM…
2025-10-31 08:28:53,829 [INFO] win32com Excel export OK: shape=(63, 1) cols=[';;;;;;;;;;;']
2025-10-31 08:28:59,384 [INFO] Descargado https://www.bps.gub.uy/bps/file/23304/1/ii_recaudacion.xls -> 810496 bytes | Content-Type=application/vnd.ms-excel;charset=UTF-8
2025-10-31 08:28:59,385 [INFO] Detección de formato: kind=xls engine=xlrd
2025-10-31 08:28:59,651 [INFO] Intento fallback xlrd-manual…
2025-10-31 08:28:59,657 [INFO] Intento fallback Excel-COM…
2025-10-31 08:29:01,806 [INFO] win32com Excel export OK: shape=(87, 1) cols=[';;;;;;;;;;;;;;;']
2025-10-31 08:47:43,325 [INFO] Descargado https://www.bps.gub.uy/bps/file/23307/1/iii_3_subsidio-por-desempleo.xls -> 2138624 bytes | Content-Type=application/vnd.ms-excel;charset=UTF-8
2025-10-31 08:47:43,325 [INFO] Detección de formato: kind=xls engine=xlrd
2025-10-31 08:47:43,405 [INFO] Excel OK: hoja=III.3.5 Altas Zona header=0 cols=['Unnamed: 0', 'Unnamed: 1', 'Unnamed: 2', 'Unnamed: 3', 'Unnamed: 4', 'Unnamed: 5']
2025-10-31 08:48:22,878 [INFO] Descargado https://www.bps.gub.uy/bps/file/23307/1/iii_3_subsidio-por-desempleo.xls -> 2138624 bytes | Content-Type=application/vnd.ms-excel;charset=UTF-8
2025-10-31 08:48:22,879 [INFO] Detección de formato: kind=xls engine=xlrd
2025-10-31 08:48:23,000 [INFO] Excel OK: hoja=III.3.5 Altas Zona header=0 cols=['Unnamed: 0', 'Unnamed: 1', 'Unnamed: 2', 'Unnamed: 3', 'Unnamed: 4', 'Unnamed: 5']
2025-10-31 09:01:47,112 [INFO] Descargado https://www.bps.gub.uy/bps/file/23307/1/iii_3_subsidio-por-desempleo.xls -> 2138624 bytes | Content-Type=application/vnd.ms-excel;charset=UTF-8
2025-10-31 09:01:47,114 [INFO] Detección de formato: kind=xls engine=xlrd
2025-10-31 09:01:47,292 [INFO] Excel OK: hoja=III.3.5 Altas Zona header=0 cols=['Unnamed: 0', 'Unnamed: 1', 'Unnamed: 2', 'Unnamed: 3', 'Unnamed: 4', 'Unnamed: 5']
2025-10-31 09:02:46,289 [INFO] Descargado https://www.bps.gub.uy/bps/file/23307/1/iii_3_subsidio-por-desempleo.xls -> 2138624 bytes | Content-Type=application/vnd.ms-excel;charset=UTF-8
2025-10-31 09:02:46,290 [INFO] Detección de formato: kind=xls engine=xlrd
2025-10-31 09:02:46,387 [INFO] Excel OK: hoja=III.3.5 Altas Zona header=0 cols=['Unnamed: 0', 'Unnamed: 1', 'Unnamed: 2', 'Unnamed: 3', 'Unnamed: 4', 'Unnamed: 5']
2025-10-31 09:05:12,161 [INFO] Descargado https://www.bps.gub.uy/bps/file/23307/1/iii_3_subsidio-por-desempleo.xls -> 2138624 bytes | Content-Type=application/vnd.ms-excel;charset=UTF-8
2025-10-31 09:05:12,162 [INFO] Detección de formato: kind=xls engine=xlrd
2025-10-31 09:05:12,335 [INFO] Excel OK: hoja=III.3.5 Altas Zona header=0 cols=['Unnamed: 0', 'Unnamed: 1', 'Unnamed: 2', 'Unnamed: 3', 'Unnamed: 4', 'Unnamed: 5']
2025-10-31 09:05:12,369 [INFO] Escribí 24 filas en dataset/series_desempleo.csv
2025-10-31 09:14:32,490 [INFO] Descargado https://www.bps.gub.uy/bps/file/23307/1/iii_3_subsidio-por-desempleo.xls -> 2138624 bytes | Content-Type=application/vnd.ms-excel;charset=UTF-8
2025-10-31 09:14:32,491 [INFO] Detección de formato: kind=xls engine=xlrd
2025-10-31 09:14:32,612 [INFO] Excel OK: hoja=III.3.5 Altas Zona header=0 cols=['Unnamed: 0', 'Unnamed: 1', 'Unnamed: 2', 'Unnamed: 3', 'Unnamed: 4', 'Unnamed: 5']
2025-10-31 09:14:32,629 [INFO] Escribí 24 filas en dataset/series_desempleo.csv
2025-10-31 09:18:16,843 [INFO] Descargado https://www.bps.gub.uy/bps/file/23307/1/iii_3_subsidio-por-desempleo.xls -> 2138624 bytes | Content-Type=application/vnd.ms-excel;charset=UTF-8
2025-10-31 09:18:16,844 [INFO] Detección de formato: kind=xls engine=xlrd
2025-10-31 09:18:17,044 [INFO] Excel OK: hoja=III.3.5 Altas Zona header=0 cols=['Unnamed: 0', 'Unnamed: 1', 'Unnamed: 2', 'Unnamed: 3', 'Unnamed: 4', 'Unnamed: 5']
2025-10-31 09:18:17,127 [INFO] Escribí 24 filas en dataset/series_desempleo.csv
2025-10-31 10:09:05,289 [INFO] Descargado https://www.bps.gub.uy/bps/file/23307/1/iii_3_subsidio-por-desempleo.xls -> 2138624 bytes | Content-Type=application/vnd.ms-excel;charset=UTF-8
2025-10-31 10:09:05,290 [INFO] Detección de formato: kind=xls engine=xlrd
2025-10-31 10:09:05,478 [INFO] Excel OK: hoja=III.3.5 Altas Zona header=0 cols=['Unnamed: 0', 'Unnamed: 1', 'Unnamed: 2', 'Unnamed: 3', 'Unnamed: 4', 'Unnamed: 5']
2025-10-31 10:09:05,557 [INFO] Escribí 24 filas en dataset/series_desempleo.csv
2025-10-31 10:10:43,911 [INFO] Descargado https://www.bps.gub.uy/bps/file/23307/1/iii_3_subsidio-por-desempleo.xls -> 2138624 bytes | Content-Type=application/vnd.ms-excel;charset=UTF-8
2025-10-31 10:10:43,913 [INFO] Detección de formato: kind=xls engine=xlrd
2025-10-31 10:10:44,108 [INFO] Excel OK: hoja=III.3.5 Altas Zona header=0 cols=['Unnamed: 0', 'Unnamed: 1', 'Unnamed: 2', 'Unnamed: 3', 'Unnamed: 4', 'Unnamed: 5']
2025-10-31 10:10:44,182 [INFO] Escribí 24 filas en dataset/series_desempleo.csv
2025-10-31 10:28:07,930 [INFO] Descargado https://www.bps.gub.uy/bps/file/23307/1/iii_3_subsidio-por-desempleo.xls -> 2138624 bytes | Content-Type=application/vnd.ms-excel;charset=UTF-8
2025-10-31 10:28:07,931 [INFO] Detección de formato: kind=xls engine=xlrd
2025-10-31 10:28:08,080 [INFO] Excel OK: hoja=III.3.5 Altas Zona header=7 cols=['Unnamed: 0', 'Fecha', 'Unnamed: 2', 'Montevideo', 'Unnamed: 4', 'Interior']
2025-10-31 10:28:08,081 [INFO] Columnas pre-limpieza: ['Unnamed: 0', 'Fecha', 'Unnamed: 2', 'Montevideo', 'Unnamed: 4', 'Interior', 'Unnamed: 6', 'Total', 'Unnamed: 8', 'Unnamed: 9', 'Unnamed: 10', 'Unnamed: 11', 'Unnamed: 12', 'Promedio ', 'Unnamed: 14', 'Variación', 'Unnamed: 16']
2025-10-31 10:28:08,081 [INFO] Columnas post-limpieza: ['Fecha', 'Montevideo', 'Interior', 'Total', 'Promedio ', 'Variación']
2025-10-31 10:28:08,092 [INFO] Escribí 24 filas en dataset/series_desempleo.csv
2025-10-31 10:28:35,378 [INFO] Descargado https://www.bps.gub.uy/bps/file/23307/1/iii_3_subsidio-por-desempleo.xls -> 2138624 bytes | Content-Type=application/vnd.ms-excel;charset=UTF-8
2025-10-31 10:28:35,379 [INFO] Detección de formato: kind=xls engine=xlrd
2025-10-31 10:28:35,584 [INFO] Excel OK: hoja=III.3.5 Altas Zona header=7 cols=['Unnamed: 0', 'Fecha', 'Unnamed: 2', 'Montevideo', 'Unnamed: 4', 'Interior']
2025-10-31 10:28:35,589 [INFO] Columnas pre-limpieza: ['Unnamed: 0', 'Fecha', 'Unnamed: 2', 'Montevideo', 'Unnamed: 4', 'Interior', 'Unnamed: 6', 'Total', 'Unnamed: 8', 'Unnamed: 9', 'Unnamed: 10', 'Unnamed: 11', 'Unnamed: 12', 'Promedio ', 'Unnamed: 14', 'Variación', 'Unnamed: 16']
2025-10-31 10:28:35,589 [INFO] Columnas post-limpieza: ['Fecha', 'Montevideo', 'Interior', 'Total', 'Promedio ', 'Variación']
2025-10-31 10:28:35,623 [INFO] Escribí 24 filas en dataset/series_desempleo.csv
2025-10-31 10:31:56,508 [INFO] Descargado https://www.bps.gub.uy/bps/file/23307/1/iii_3_subsidio-por-desempleo.xls -> 2138624 bytes | Content-Type=application/vnd.ms-excel;charset=UTF-8
2025-10-31 10:31:56,510 [INFO] Detección de formato: kind=xls engine=xlrd
2025-10-31 10:31:56,654 [INFO] Excel OK: hoja=III.3.5 Altas Zona header=7 cols=['Unnamed: 0', 'Fecha', 'Unnamed: 2', 'Montevideo', 'Unnamed: 4', 'Interior']
2025-10-31 10:31:56,656 [INFO] Columnas pre-limpieza: ['Unnamed: 0', 'Fecha', 'Unnamed: 2', 'Montevideo', 'Unnamed: 4', 'Interior', 'Unnamed: 6', 'Total', 'Unnamed: 8', 'Unnamed: 9', 'Unnamed: 10', 'Unnamed: 11', 'Unnamed: 12', 'Promedio ', 'Unnamed: 14', 'Variación', 'Unnamed: 16']
2025-10-31 10:31:56,656 [INFO] Columnas post-limpieza: ['Fecha', 'Montevideo', 'Interior', 'Total', 'Promedio ', 'Variación']
2025-10-31 10:31:56,665 [INFO] Escribí 24 filas en dataset/series_desempleo.csv
2025-10-31 10:36:29,941 [INFO] Descargado https://www.bps.gub.uy/bps/file/23307/1/iii_3_subsidio-por-desempleo.xls -> 2138624 bytes | Content-Type=application/vnd.ms-excel;charset=UTF-8
2025-10-31 10:36:29,942 [INFO] Detección de formato: kind=xls engine=xlrd
2025-10-31 10:36:30,114 [INFO] Excel OK: hoja=III.3.5 Altas Zona header=7 cols=['Unnamed: 0', 'Fecha', 'Unnamed: 2', 'Montevideo', 'Unnamed: 4', 'Interior']
2025-10-31 10:36:30,115 [INFO] Columnas pre-limpieza: ['Unnamed: 0', 'Fecha', 'Unnamed: 2', 'Montevideo', 'Unnamed: 4', 'Interior', 'Unnamed: 6', 'Total', 'Unnamed: 8', 'Unnamed: 9', 'Unnamed: 10', 'Unnamed: 11', 'Unnamed: 12', 'Promedio ', 'Unnamed: 14', 'Variación', 'Unnamed: 16']
2025-10-31 10:36:30,115 [INFO] Columnas post-limpieza: ['Fecha', 'Montevideo', 'Interior', 'Total', 'Promedio ', 'Variación']
2025-10-31 10:36:30,131 [INFO] Escribí 24 filas en dataset/series_desempleo.csv
2025-10-31 10:38:44,071 [INFO] Descargado https://www.bps.gub.uy/bps/file/23307/1/iii_3_subsidio-por-desempleo.xls -> 2138624 bytes | Content-Type=application/vnd.ms-excel;charset=UTF-8
2025-10-31 10:38:44,071 [INFO] Detección de formato: kind=xls engine=xlrd
2025-10-31 10:38:44,168 [INFO] Excel OK: hoja=III.3.5 Altas Zona header=7 cols=['Unnamed: 0', 'Fecha', 'Unnamed: 2', 'Montevideo', 'Unnamed: 4', 'Interior']
2025-10-31 10:38:44,172 [INFO] Columnas pre-limpieza: ['Unnamed: 0', 'Fecha', 'Unnamed: 2', 'Montevideo', 'Unnamed: 4', 'Interior', 'Unnamed: 6', 'Total', 'Unnamed: 8', 'Unnamed: 9', 'Unnamed: 10', 'Unnamed: 11', 'Unnamed: 12', 'Promedio ', 'Unnamed: 14', 'Variación', 'Unnamed: 16']
2025-10-31 10:38:44,172 [INFO] Columnas post-limpieza: ['Fecha', 'Montevideo', 'Interior', 'Total', 'Promedio ', 'Variación']
2025-10-31 10:38:44,210 [INFO] Escribí 24 filas en dataset/series_desempleo.csv
2025-10-31 10:38:59,546 [INFO] Descargado https://www.bps.gub.uy/bps/file/23307/1/iii_3_subsidio-por-desempleo.xls -> 2138624 bytes | Content-Type=application/vnd.ms-excel;charset=UTF-8
2025-10-31 10:38:59,547 [INFO] Detección de formato: kind=xls engine=xlrd
2025-10-31 10:38:59,734 [INFO] Excel OK: hoja=III.3.5 Altas Zona header=7 cols=['Unnamed: 0', 'Fecha', 'Unnamed: 2', 'Montevideo', 'Unnamed: 4', 'Interior']
2025-10-31 10:38:59,739 [INFO] Columnas pre-limpieza: ['Unnamed: 0', 'Fecha', 'Unnamed: 2', 'Montevideo', 'Unnamed: 4', 'Interior', 'Unnamed: 6', 'Total', 'Unnamed: 8', 'Unnamed: 9', 'Unnamed: 10', 'Unnamed: 11', 'Unnamed: 12', 'Promedio ', 'Unnamed: 14', 'Variación', 'Unnamed: 16']
2025-10-31 10:38:59,740 [INFO] Columnas post-limpieza: ['Fecha', 'Montevideo', 'Interior', 'Total', 'Promedio ', 'Variación']
2025-10-31 10:38:59,811 [INFO] Escribí 24 filas en dataset/series_desempleo.csv
